[0.067s] Invoking command in '/home/ubuntu/ws_sensor_combined/build/px4_ros_com': CMAKE_PREFIX_PATH=/home/ubuntu/ws_sensor_combined/install/px4_msgs:/home/ubuntu/ws_sensor_combined/install/px4_ros_com:/opt/ros/humble LD_LIBRARY_PATH=/home/ubuntu/ws_sensor_combined/install/px4_msgs/lib:/home/ubuntu/ws_sensor_combined/install/px4_ros_com/lib:/opt/ros/humble/opt/rviz_ogre_vendor/lib:/opt/ros/humble/lib/aarch64-linux-gnu:/opt/ros/humble/lib /usr/local/bin/cmake --build /home/ubuntu/ws_sensor_combined/build/px4_ros_com -- -j4 -l4
[0.255s] [35m[1mConsolidate compiler generated dependencies of target frame_transforms[0m
[0.258s] [35m[1mConsolidate compiler generated dependencies of target sensor_combined_listener[0m
[0.263s] [35m[1mConsolidate compiler generated dependencies of target debug_vect_advertiser[0m
[0.265s] [35m[1mConsolidate compiler generated dependencies of target vehicle_gps_position_listener[0m
[0.373s] [ 16%] Built target frame_transforms
[0.380s] [ 33%] Built target sensor_combined_listener
[0.383s] [ 50%] Built target debug_vect_advertiser
[0.385s] [ 66%] Built target vehicle_gps_position_listener
[0.422s] [35m[1mConsolidate compiler generated dependencies of target offboard_control_srv[0m
[0.423s] [35m[1mConsolidate compiler generated dependencies of target offboard_control[0m
[0.466s] [ 66%] Built target ament_cmake_python_copy_px4_ros_com
[0.509s] [ 83%] Built target offboard_control
[0.511s] [100%] Built target offboard_control_srv
[1.862s] running egg_info
[1.866s] writing px4_ros_com.egg-info/PKG-INFO
[1.867s] writing dependency_links to px4_ros_com.egg-info/dependency_links.txt
[1.868s] writing top-level names to px4_ros_com.egg-info/top_level.txt
[1.879s] reading manifest file 'px4_ros_com.egg-info/SOURCES.txt'
[1.882s] writing manifest file 'px4_ros_com.egg-info/SOURCES.txt'
[1.998s] [100%] Built target ament_cmake_python_build_px4_ros_com_egg
[2.025s] Invoked command in '/home/ubuntu/ws_sensor_combined/build/px4_ros_com' returned '0': CMAKE_PREFIX_PATH=/home/ubuntu/ws_sensor_combined/install/px4_msgs:/home/ubuntu/ws_sensor_combined/install/px4_ros_com:/opt/ros/humble LD_LIBRARY_PATH=/home/ubuntu/ws_sensor_combined/install/px4_msgs/lib:/home/ubuntu/ws_sensor_combined/install/px4_ros_com/lib:/opt/ros/humble/opt/rviz_ogre_vendor/lib:/opt/ros/humble/lib/aarch64-linux-gnu:/opt/ros/humble/lib /usr/local/bin/cmake --build /home/ubuntu/ws_sensor_combined/build/px4_ros_com -- -j4 -l4
[2.316s] Invoking command in '/home/ubuntu/ws_sensor_combined/build/px4_ros_com': CMAKE_PREFIX_PATH=/home/ubuntu/ws_sensor_combined/install/px4_msgs:/home/ubuntu/ws_sensor_combined/install/px4_ros_com:/opt/ros/humble LD_LIBRARY_PATH=/home/ubuntu/ws_sensor_combined/install/px4_msgs/lib:/home/ubuntu/ws_sensor_combined/install/px4_ros_com/lib:/opt/ros/humble/opt/rviz_ogre_vendor/lib:/opt/ros/humble/lib/aarch64-linux-gnu:/opt/ros/humble/lib /usr/local/bin/cmake --install /home/ubuntu/ws_sensor_combined/build/px4_ros_com
[2.338s] -- Install configuration: ""
[2.340s] -- Up-to-date: /home/ubuntu/ws_sensor_combined/install/px4_ros_com/lib/px4_ros_com/sensor_combined_listener
[2.345s] -- Up-to-date: /home/ubuntu/ws_sensor_combined/install/px4_ros_com/lib/px4_ros_com/vehicle_gps_position_listener
[2.352s] -- Up-to-date: /home/ubuntu/ws_sensor_combined/install/px4_ros_com/lib/px4_ros_com/debug_vect_advertiser
[2.357s] -- Up-to-date: /home/ubuntu/ws_sensor_combined/install/px4_ros_com/lib/px4_ros_com/offboard_control
[2.362s] -- Up-to-date: /home/ubuntu/ws_sensor_combined/install/px4_ros_com/lib/px4_ros_com/offboard_control_srv
[2.364s] -- Up-to-date: /home/ubuntu/ws_sensor_combined/install/px4_ros_com/share/px4_ros_com/environment/library_path.sh
[2.364s] -- Up-to-date: /home/ubuntu/ws_sensor_combined/install/px4_ros_com/share/px4_ros_com/environment/library_path.dsv
[2.365s] -- Up-to-date: /home/ubuntu/ws_sensor_combined/install/px4_ros_com/include/px4_ros_com
[2.366s] -- Up-to-date: /home/ubuntu/ws_sensor_combined/install/px4_ros_com/include/px4_ros_com/frame_transforms.h
[2.371s] -- Up-to-date: /home/ubuntu/ws_sensor_combined/install/px4_ros_com/lib/libframe_transforms.so
[2.372s] -- Up-to-date: /home/ubuntu/ws_sensor_combined/install/px4_ros_com/share/px4_ros_com//launch
[2.373s] -- Up-to-date: /home/ubuntu/ws_sensor_combined/install/px4_ros_com/share/px4_ros_com//launch/sensor_combined_listener.launch.py
[2.374s] -- Up-to-date: /home/ubuntu/ws_sensor_combined/install/px4_ros_com/share/px4_ros_com//launch/offboard_control_launch.yaml
[2.374s] -- Up-to-date: /home/ubuntu/ws_sensor_combined/install/px4_ros_com/share/px4_ros_com//test
[2.375s] -- Up-to-date: /home/ubuntu/ws_sensor_combined/install/px4_ros_com/share/px4_ros_com//test/test_output.py
[2.376s] -- Up-to-date: /home/ubuntu/ws_sensor_combined/install/px4_ros_com/share/px4_ros_com//test/__init__.py
[2.376s] -- Up-to-date: /home/ubuntu/ws_sensor_combined/install/px4_ros_com/share/px4_ros_com//test/test_input.py
[2.377s] -- Up-to-date: /home/ubuntu/ws_sensor_combined/install/px4_ros_com/share/px4_ros_com//test/pipeline_io_test.py
[2.377s] -- Up-to-date: /home/ubuntu/ws_sensor_combined/install/px4_ros_com/share/px4_ros_com/environment/pythonpath.sh
[2.378s] -- Up-to-date: /home/ubuntu/ws_sensor_combined/install/px4_ros_com/share/px4_ros_com/environment/pythonpath.dsv
[2.378s] -- Up-to-date: /home/ubuntu/ws_sensor_combined/install/px4_ros_com/local/lib/python3.10/dist-packages/px4_ros_com-0.1.0-py3.10.egg-info
[2.379s] -- Installing: /home/ubuntu/ws_sensor_combined/install/px4_ros_com/local/lib/python3.10/dist-packages/px4_ros_com-0.1.0-py3.10.egg-info/SOURCES.txt
[2.381s] -- Installing: /home/ubuntu/ws_sensor_combined/install/px4_ros_com/local/lib/python3.10/dist-packages/px4_ros_com-0.1.0-py3.10.egg-info/dependency_links.txt
[2.382s] -- Installing: /home/ubuntu/ws_sensor_combined/install/px4_ros_com/local/lib/python3.10/dist-packages/px4_ros_com-0.1.0-py3.10.egg-info/top_level.txt
[2.384s] -- Installing: /home/ubuntu/ws_sensor_combined/install/px4_ros_com/local/lib/python3.10/dist-packages/px4_ros_com-0.1.0-py3.10.egg-info/PKG-INFO
[2.385s] -- Up-to-date: /home/ubuntu/ws_sensor_combined/install/px4_ros_com/local/lib/python3.10/dist-packages/px4_ros_com
[2.387s] -- Up-to-date: /home/ubuntu/ws_sensor_combined/install/px4_ros_com/local/lib/python3.10/dist-packages/px4_ros_com/__init__.py
[2.388s] -- Up-to-date: /home/ubuntu/ws_sensor_combined/install/px4_ros_com/local/lib/python3.10/dist-packages/px4_ros_com/module_to_import.py
[2.550s] Listing '/home/ubuntu/ws_sensor_combined/install/px4_ros_com/local/lib/python3.10/dist-packages/px4_ros_com'...
[2.576s] -- Up-to-date: /home/ubuntu/ws_sensor_combined/install/px4_ros_com/lib/px4_ros_com/offboard_control.py
[2.576s] -- Up-to-date: /home/ubuntu/ws_sensor_combined/install/px4_ros_com/share/ament_index/resource_index/package_run_dependencies/px4_ros_com
[2.577s] -- Up-to-date: /home/ubuntu/ws_sensor_combined/install/px4_ros_com/share/ament_index/resource_index/parent_prefix_path/px4_ros_com
[2.578s] -- Up-to-date: /home/ubuntu/ws_sensor_combined/install/px4_ros_com/share/px4_ros_com/environment/ament_prefix_path.sh
[2.578s] -- Up-to-date: /home/ubuntu/ws_sensor_combined/install/px4_ros_com/share/px4_ros_com/environment/ament_prefix_path.dsv
[2.579s] -- Up-to-date: /home/ubuntu/ws_sensor_combined/install/px4_ros_com/share/px4_ros_com/environment/path.sh
[2.579s] -- Up-to-date: /home/ubuntu/ws_sensor_combined/install/px4_ros_com/share/px4_ros_com/environment/path.dsv
[2.579s] -- Up-to-date: /home/ubuntu/ws_sensor_combined/install/px4_ros_com/share/px4_ros_com/local_setup.bash
[2.580s] -- Up-to-date: /home/ubuntu/ws_sensor_combined/install/px4_ros_com/share/px4_ros_com/local_setup.sh
[2.580s] -- Up-to-date: /home/ubuntu/ws_sensor_combined/install/px4_ros_com/share/px4_ros_com/local_setup.zsh
[2.581s] -- Up-to-date: /home/ubuntu/ws_sensor_combined/install/px4_ros_com/share/px4_ros_com/local_setup.dsv
[2.581s] -- Installing: /home/ubuntu/ws_sensor_combined/install/px4_ros_com/share/px4_ros_com/package.dsv
[2.585s] -- Up-to-date: /home/ubuntu/ws_sensor_combined/install/px4_ros_com/share/ament_index/resource_index/packages/px4_ros_com
[2.589s] -- Up-to-date: /home/ubuntu/ws_sensor_combined/install/px4_ros_com/share/px4_ros_com/cmake/export_frame_transformsExport.cmake
[2.590s] -- Up-to-date: /home/ubuntu/ws_sensor_combined/install/px4_ros_com/share/px4_ros_com/cmake/export_frame_transformsExport-noconfig.cmake
[2.590s] -- Up-to-date: /home/ubuntu/ws_sensor_combined/install/px4_ros_com/share/px4_ros_com/cmake/ament_cmake_export_dependencies-extras.cmake
[2.591s] -- Up-to-date: /home/ubuntu/ws_sensor_combined/install/px4_ros_com/share/px4_ros_com/cmake/ament_cmake_export_targets-extras.cmake
[2.592s] -- Up-to-date: /home/ubuntu/ws_sensor_combined/install/px4_ros_com/share/px4_ros_com/cmake/ament_cmake_export_include_directories-extras.cmake
[2.592s] -- Up-to-date: /home/ubuntu/ws_sensor_combined/install/px4_ros_com/share/px4_ros_com/cmake/ament_cmake_export_libraries-extras.cmake
[2.593s] -- Up-to-date: /home/ubuntu/ws_sensor_combined/install/px4_ros_com/share/px4_ros_com/cmake/px4_ros_comConfig.cmake
[2.593s] -- Up-to-date: /home/ubuntu/ws_sensor_combined/install/px4_ros_com/share/px4_ros_com/cmake/px4_ros_comConfig-version.cmake
[2.594s] -- Up-to-date: /home/ubuntu/ws_sensor_combined/install/px4_ros_com/share/px4_ros_com/package.xml
[2.602s] Invoked command in '/home/ubuntu/ws_sensor_combined/build/px4_ros_com' returned '0': CMAKE_PREFIX_PATH=/home/ubuntu/ws_sensor_combined/install/px4_msgs:/home/ubuntu/ws_sensor_combined/install/px4_ros_com:/opt/ros/humble LD_LIBRARY_PATH=/home/ubuntu/ws_sensor_combined/install/px4_msgs/lib:/home/ubuntu/ws_sensor_combined/install/px4_ros_com/lib:/opt/ros/humble/opt/rviz_ogre_vendor/lib:/opt/ros/humble/lib/aarch64-linux-gnu:/opt/ros/humble/lib /usr/local/bin/cmake --install /home/ubuntu/ws_sensor_combined/build/px4_ros_com
