[0.517s] DEBUG:colcon:Command line arguments: ['/usr/bin/colcon', 'build']
[0.517s] DEBUG:colcon:Parsed command line arguments: Namespace(log_base=None, log_level=None, verb_name='build', build_base='build', install_base='install', merge_install=False, symlink_install=False, test_result_base=None, continue_on_error=False, executor='parallel', parallel_workers=4, event_handlers=None, ignore_user_meta=False, metas=['./colcon.meta'], base_paths=['.'], packages_ignore=None, packages_ignore_regex=None, paths=None, packages_up_to=None, packages_up_to_regex=None, packages_above=None, packages_above_and_dependencies=None, packages_above_depth=None, packages_select_by_dep=None, packages_skip_by_dep=None, packages_skip_up_to=None, packages_select_build_failed=False, packages_skip_build_finished=False, packages_select_test_failures=False, packages_skip_test_passed=False, packages_select=None, packages_skip=None, packages_select_regex=None, packages_skip_regex=None, packages_start=None, packages_end=None, allow_overriding=[], cmake_args=None, cmake_target=None, cmake_target_skip_unavailable=False, cmake_clean_cache=False, cmake_clean_first=False, cmake_force_configure=False, ament_cmake_args=None, catkin_cmake_args=None, catkin_skip_building_tests=False, mixin_files=None, mixin=None, verb_parser=<colcon_mixin.mixin.mixin_argument.MixinArgumentDecorator object at 0xffffb5426440>, verb_extension=<colcon_core.verb.build.BuildVerb object at 0xffffb5542b00>, main=<bound method BuildVerb.main of <colcon_core.verb.build.BuildVerb object at 0xffffb5542b00>>, mixin_verb=('build',))
[1.591s] Level 1:colcon.colcon_core.package_discovery:discover_packages(colcon_meta) check parameters
[1.591s] Level 1:colcon.colcon_core.package_discovery:discover_packages(recursive) check parameters
[1.591s] Level 1:colcon.colcon_core.package_discovery:discover_packages(ignore) check parameters
[1.591s] Level 1:colcon.colcon_core.package_discovery:discover_packages(path) check parameters
[1.591s] Level 1:colcon.colcon_core.package_discovery:discover_packages(colcon_meta) discover
[1.592s] Level 1:colcon.colcon_core.package_discovery:discover_packages(recursive) discover
[1.592s] INFO:colcon.colcon_core.package_discovery:Crawling recursively for packages in '/home/ubuntu/ws_sensor_combined'
[1.592s] Level 1:colcon.colcon_core.package_identification:_identify(.) by extensions ['ignore', 'ignore_ament_install']
[1.593s] Level 1:colcon.colcon_core.package_identification:_identify(.) by extension 'ignore'
[1.593s] Level 1:colcon.colcon_core.package_identification:_identify(.) by extension 'ignore_ament_install'
[1.593s] Level 1:colcon.colcon_core.package_identification:_identify(.) by extensions ['colcon_pkg']
[1.593s] Level 1:colcon.colcon_core.package_identification:_identify(.) by extension 'colcon_pkg'
[1.594s] Level 1:colcon.colcon_core.package_identification:_identify(.) by extensions ['colcon_meta']
[1.594s] Level 1:colcon.colcon_core.package_identification:_identify(.) by extension 'colcon_meta'
[1.594s] Level 1:colcon.colcon_core.package_identification:_identify(.) by extensions ['ros']
[1.594s] Level 1:colcon.colcon_core.package_identification:_identify(.) by extension 'ros'
[1.649s] Level 1:colcon.colcon_core.package_identification:_identify(.) by extensions ['cmake', 'python']
[1.649s] Level 1:colcon.colcon_core.package_identification:_identify(.) by extension 'cmake'
[1.649s] Level 1:colcon.colcon_core.package_identification:_identify(.) by extension 'python'
[1.649s] Level 1:colcon.colcon_core.package_identification:_identify(.) by extensions ['python_setup_py']
[1.650s] Level 1:colcon.colcon_core.package_identification:_identify(.) by extension 'python_setup_py'
[1.650s] Level 1:colcon.colcon_core.package_identification:_identify(build) by extensions ['ignore', 'ignore_ament_install']
[1.651s] Level 1:colcon.colcon_core.package_identification:_identify(build) by extension 'ignore'
[1.651s] Level 1:colcon.colcon_core.package_identification:_identify(build) ignored
[1.651s] Level 1:colcon.colcon_core.package_identification:_identify(install) by extensions ['ignore', 'ignore_ament_install']
[1.652s] Level 1:colcon.colcon_core.package_identification:_identify(install) by extension 'ignore'
[1.652s] Level 1:colcon.colcon_core.package_identification:_identify(install) ignored
[1.652s] Level 1:colcon.colcon_core.package_identification:_identify(log) by extensions ['ignore', 'ignore_ament_install']
[1.653s] Level 1:colcon.colcon_core.package_identification:_identify(log) by extension 'ignore'
[1.653s] Level 1:colcon.colcon_core.package_identification:_identify(log) ignored
[1.653s] Level 1:colcon.colcon_core.package_identification:_identify(src) by extensions ['ignore', 'ignore_ament_install']
[1.654s] Level 1:colcon.colcon_core.package_identification:_identify(src) by extension 'ignore'
[1.654s] Level 1:colcon.colcon_core.package_identification:_identify(src) by extension 'ignore_ament_install'
[1.654s] Level 1:colcon.colcon_core.package_identification:_identify(src) by extensions ['colcon_pkg']
[1.654s] Level 1:colcon.colcon_core.package_identification:_identify(src) by extension 'colcon_pkg'
[1.654s] Level 1:colcon.colcon_core.package_identification:_identify(src) by extensions ['colcon_meta']
[1.655s] Level 1:colcon.colcon_core.package_identification:_identify(src) by extension 'colcon_meta'
[1.655s] Level 1:colcon.colcon_core.package_identification:_identify(src) by extensions ['ros']
[1.655s] Level 1:colcon.colcon_core.package_identification:_identify(src) by extension 'ros'
[1.655s] Level 1:colcon.colcon_core.package_identification:_identify(src) by extensions ['cmake', 'python']
[1.655s] Level 1:colcon.colcon_core.package_identification:_identify(src) by extension 'cmake'
[1.656s] Level 1:colcon.colcon_core.package_identification:_identify(src) by extension 'python'
[1.656s] Level 1:colcon.colcon_core.package_identification:_identify(src) by extensions ['python_setup_py']
[1.656s] Level 1:colcon.colcon_core.package_identification:_identify(src) by extension 'python_setup_py'
[1.656s] Level 1:colcon.colcon_core.package_identification:_identify(src/px4_msgs) by extensions ['ignore', 'ignore_ament_install']
[1.657s] Level 1:colcon.colcon_core.package_identification:_identify(src/px4_msgs) by extension 'ignore'
[1.657s] Level 1:colcon.colcon_core.package_identification:_identify(src/px4_msgs) by extension 'ignore_ament_install'
[1.657s] Level 1:colcon.colcon_core.package_identification:_identify(src/px4_msgs) by extensions ['colcon_pkg']
[1.657s] Level 1:colcon.colcon_core.package_identification:_identify(src/px4_msgs) by extension 'colcon_pkg'
[1.658s] Level 1:colcon.colcon_core.package_identification:_identify(src/px4_msgs) by extensions ['colcon_meta']
[1.658s] Level 1:colcon.colcon_core.package_identification:_identify(src/px4_msgs) by extension 'colcon_meta'
[1.658s] Level 1:colcon.colcon_core.package_identification:_identify(src/px4_msgs) by extensions ['ros']
[1.658s] Level 1:colcon.colcon_core.package_identification:_identify(src/px4_msgs) by extension 'ros'
[1.668s] DEBUG:colcon.colcon_core.package_identification:Package 'src/px4_msgs' with type 'ros.ament_cmake' and name 'px4_msgs'
[1.669s] Level 1:colcon.colcon_core.package_identification:_identify(src/px4_ros_com) by extensions ['ignore', 'ignore_ament_install']
[1.670s] Level 1:colcon.colcon_core.package_identification:_identify(src/px4_ros_com) by extension 'ignore'
[1.670s] Level 1:colcon.colcon_core.package_identification:_identify(src/px4_ros_com) by extension 'ignore_ament_install'
[1.670s] Level 1:colcon.colcon_core.package_identification:_identify(src/px4_ros_com) by extensions ['colcon_pkg']
[1.670s] Level 1:colcon.colcon_core.package_identification:_identify(src/px4_ros_com) by extension 'colcon_pkg'
[1.670s] Level 1:colcon.colcon_core.package_identification:_identify(src/px4_ros_com) by extensions ['colcon_meta']
[1.671s] Level 1:colcon.colcon_core.package_identification:_identify(src/px4_ros_com) by extension 'colcon_meta'
[1.671s] Level 1:colcon.colcon_core.package_identification:_identify(src/px4_ros_com) by extensions ['ros']
[1.671s] Level 1:colcon.colcon_core.package_identification:_identify(src/px4_ros_com) by extension 'ros'
[1.712s] DEBUG:colcon.colcon_core.package_identification:Package 'src/px4_ros_com' with type 'ros.ament_cmake' and name 'px4_ros_com'
[1.713s] Level 1:colcon.colcon_core.package_discovery:discover_packages(recursive) using defaults
[1.713s] Level 1:colcon.colcon_core.package_discovery:discover_packages(ignore) discover
[1.713s] Level 1:colcon.colcon_core.package_discovery:discover_packages(ignore) using defaults
[1.713s] Level 1:colcon.colcon_core.package_discovery:discover_packages(path) discover
[1.713s] Level 1:colcon.colcon_core.package_discovery:discover_packages(path) using defaults
[1.800s] Level 1:colcon.colcon_core.package_discovery:discover_packages(prefix_path) check parameters
[1.800s] Level 1:colcon.colcon_core.package_discovery:discover_packages(prefix_path) discover
[1.807s] DEBUG:colcon.colcon_installed_package_information.package_discovery:Found 0 installed packages in /home/ubuntu/ws_sensor_combined/install
[1.818s] DEBUG:colcon.colcon_installed_package_information.package_discovery:Found 270 installed packages in /opt/ros/humble
[1.825s] Level 1:colcon.colcon_core.package_discovery:discover_packages(prefix_path) using defaults
[2.017s] Level 5:colcon.colcon_core.verb:set package 'px4_msgs' build argument 'cmake_args' from command line to 'None'
[2.018s] Level 5:colcon.colcon_core.verb:set package 'px4_msgs' build argument 'cmake_target' from command line to 'None'
[2.018s] Level 5:colcon.colcon_core.verb:set package 'px4_msgs' build argument 'cmake_target_skip_unavailable' from command line to 'False'
[2.018s] Level 5:colcon.colcon_core.verb:set package 'px4_msgs' build argument 'cmake_clean_cache' from command line to 'False'
[2.018s] Level 5:colcon.colcon_core.verb:set package 'px4_msgs' build argument 'cmake_clean_first' from command line to 'False'
[2.018s] Level 5:colcon.colcon_core.verb:set package 'px4_msgs' build argument 'cmake_force_configure' from command line to 'False'
[2.018s] Level 5:colcon.colcon_core.verb:set package 'px4_msgs' build argument 'ament_cmake_args' from command line to 'None'
[2.018s] Level 5:colcon.colcon_core.verb:set package 'px4_msgs' build argument 'catkin_cmake_args' from command line to 'None'
[2.019s] Level 5:colcon.colcon_core.verb:set package 'px4_msgs' build argument 'catkin_skip_building_tests' from command line to 'False'
[2.019s] DEBUG:colcon.colcon_core.verb:Building package 'px4_msgs' with the following arguments: {'ament_cmake_args': None, 'build_base': '/home/ubuntu/ws_sensor_combined/build/px4_msgs', 'catkin_cmake_args': None, 'catkin_skip_building_tests': False, 'cmake_args': None, 'cmake_clean_cache': False, 'cmake_clean_first': False, 'cmake_force_configure': False, 'cmake_target': None, 'cmake_target_skip_unavailable': False, 'install_base': '/home/ubuntu/ws_sensor_combined/install/px4_msgs', 'merge_install': False, 'path': '/home/ubuntu/ws_sensor_combined/src/px4_msgs', 'symlink_install': False, 'test_result_base': None}
[2.020s] Level 5:colcon.colcon_core.verb:set package 'px4_ros_com' build argument 'cmake_args' from command line to 'None'
[2.021s] Level 5:colcon.colcon_core.verb:set package 'px4_ros_com' build argument 'cmake_target' from command line to 'None'
[2.021s] Level 5:colcon.colcon_core.verb:set package 'px4_ros_com' build argument 'cmake_target_skip_unavailable' from command line to 'False'
[2.021s] Level 5:colcon.colcon_core.verb:set package 'px4_ros_com' build argument 'cmake_clean_cache' from command line to 'False'
[2.021s] Level 5:colcon.colcon_core.verb:set package 'px4_ros_com' build argument 'cmake_clean_first' from command line to 'False'
[2.021s] Level 5:colcon.colcon_core.verb:set package 'px4_ros_com' build argument 'cmake_force_configure' from command line to 'False'
[2.021s] Level 5:colcon.colcon_core.verb:set package 'px4_ros_com' build argument 'ament_cmake_args' from command line to 'None'
[2.021s] Level 5:colcon.colcon_core.verb:set package 'px4_ros_com' build argument 'catkin_cmake_args' from command line to 'None'
[2.021s] Level 5:colcon.colcon_core.verb:set package 'px4_ros_com' build argument 'catkin_skip_building_tests' from command line to 'False'
[2.022s] DEBUG:colcon.colcon_core.verb:Building package 'px4_ros_com' with the following arguments: {'ament_cmake_args': None, 'build_base': '/home/ubuntu/ws_sensor_combined/build/px4_ros_com', 'catkin_cmake_args': None, 'catkin_skip_building_tests': False, 'cmake_args': None, 'cmake_clean_cache': False, 'cmake_clean_first': False, 'cmake_force_configure': False, 'cmake_target': None, 'cmake_target_skip_unavailable': False, 'install_base': '/home/ubuntu/ws_sensor_combined/install/px4_ros_com', 'merge_install': False, 'path': '/home/ubuntu/ws_sensor_combined/src/px4_ros_com', 'symlink_install': False, 'test_result_base': None}
[2.022s] INFO:colcon.colcon_core.executor:Executing jobs using 'parallel' executor
[2.026s] DEBUG:colcon.colcon_parallel_executor.executor.parallel:run_until_complete
[2.027s] INFO:colcon.colcon_ros.task.ament_cmake.build:Building ROS package in '/home/ubuntu/ws_sensor_combined/src/px4_msgs' with build type 'ament_cmake'
[2.028s] INFO:colcon.colcon_cmake.task.cmake.build:Building CMake package in '/home/ubuntu/ws_sensor_combined/src/px4_msgs'
[2.037s] INFO:colcon.colcon_core.plugin_system:Skipping extension 'colcon_core.shell.bat': Not used on non-Windows systems
[2.039s] INFO:colcon.colcon_core.shell:Skip shell extension 'powershell' for command environment: Not usable outside of PowerShell
[2.039s] DEBUG:colcon.colcon_core.shell:Skip shell extension 'dsv' for command environment
[2.074s] DEBUG:colcon.colcon_core.event_handler.log_command:Invoking command in '/home/ubuntu/ws_sensor_combined/build/px4_msgs': CMAKE_PREFIX_PATH=/opt/ros/humble /usr/local/bin/cmake /home/ubuntu/ws_sensor_combined/src/px4_msgs -DCMAKE_INSTALL_PREFIX=/home/ubuntu/ws_sensor_combined/install/px4_msgs
[18.803s] DEBUG:colcon.colcon_core.event_handler.log_command:Invoked command in '/home/ubuntu/ws_sensor_combined/build/px4_msgs' returned '0': CMAKE_PREFIX_PATH=/opt/ros/humble /usr/local/bin/cmake /home/ubuntu/ws_sensor_combined/src/px4_msgs -DCMAKE_INSTALL_PREFIX=/home/ubuntu/ws_sensor_combined/install/px4_msgs
[18.814s] DEBUG:colcon.colcon_core.event_handler.log_command:Invoking command in '/home/ubuntu/ws_sensor_combined/build/px4_msgs': CMAKE_PREFIX_PATH=/opt/ros/humble /usr/local/bin/cmake --build /home/ubuntu/ws_sensor_combined/build/px4_msgs -- -j4 -l4
[1572.185s] DEBUG:colcon.colcon_core.event_handler.log_command:Invoked command in '/home/ubuntu/ws_sensor_combined/build/px4_msgs' returned '0': CMAKE_PREFIX_PATH=/opt/ros/humble /usr/local/bin/cmake --build /home/ubuntu/ws_sensor_combined/build/px4_msgs -- -j4 -l4
[1610.711s] DEBUG:colcon.colcon_core.event_handler.log_command:Invoking command in '/home/ubuntu/ws_sensor_combined/build/px4_msgs': CMAKE_PREFIX_PATH=/opt/ros/humble /usr/local/bin/cmake --install /home/ubuntu/ws_sensor_combined/build/px4_msgs
[1620.252s] Level 1:colcon.colcon_core.environment:create_environment_scripts_only(px4_msgs)
[1620.253s] DEBUG:colcon.colcon_core.event_handler.log_command:Invoked command in '/home/ubuntu/ws_sensor_combined/build/px4_msgs' returned '0': CMAKE_PREFIX_PATH=/opt/ros/humble /usr/local/bin/cmake --install /home/ubuntu/ws_sensor_combined/build/px4_msgs
[1620.267s] Level 1:colcon.colcon_core.environment:checking '/home/ubuntu/ws_sensor_combined/install/px4_msgs' for CMake module files
[1620.272s] Level 1:colcon.colcon_core.environment:checking '/home/ubuntu/ws_sensor_combined/install/px4_msgs' for CMake config files
[1620.334s] Level 1:colcon.colcon_core.shell:create_environment_hook('px4_msgs', 'cmake_prefix_path')
[1620.335s] INFO:colcon.colcon_core.shell:Creating environment hook '/home/ubuntu/ws_sensor_combined/install/px4_msgs/share/px4_msgs/hook/cmake_prefix_path.ps1'
[1620.338s] INFO:colcon.colcon_core.shell:Creating environment descriptor '/home/ubuntu/ws_sensor_combined/install/px4_msgs/share/px4_msgs/hook/cmake_prefix_path.dsv'
[1620.340s] INFO:colcon.colcon_core.shell:Creating environment hook '/home/ubuntu/ws_sensor_combined/install/px4_msgs/share/px4_msgs/hook/cmake_prefix_path.sh'
[1620.344s] Level 1:colcon.colcon_core.environment:checking '/home/ubuntu/ws_sensor_combined/install/px4_msgs/lib'
[1620.345s] Level 1:colcon.colcon_core.shell:create_environment_hook('px4_msgs', 'ld_library_path_lib')
[1620.346s] INFO:colcon.colcon_core.shell:Creating environment hook '/home/ubuntu/ws_sensor_combined/install/px4_msgs/share/px4_msgs/hook/ld_library_path_lib.ps1'
[1620.347s] INFO:colcon.colcon_core.shell:Creating environment descriptor '/home/ubuntu/ws_sensor_combined/install/px4_msgs/share/px4_msgs/hook/ld_library_path_lib.dsv'
[1620.349s] INFO:colcon.colcon_core.shell:Creating environment hook '/home/ubuntu/ws_sensor_combined/install/px4_msgs/share/px4_msgs/hook/ld_library_path_lib.sh'
[1620.351s] Level 1:colcon.colcon_core.environment:checking '/home/ubuntu/ws_sensor_combined/install/px4_msgs/bin'
[1620.351s] Level 1:colcon.colcon_core.environment:checking '/home/ubuntu/ws_sensor_combined/install/px4_msgs/lib/pkgconfig/px4_msgs.pc'
[1620.352s] Level 1:colcon.colcon_core.environment:checking '/home/ubuntu/ws_sensor_combined/install/px4_msgs/lib/python3.10/site-packages'
[1620.353s] Level 1:colcon.colcon_core.environment:checking '/home/ubuntu/ws_sensor_combined/install/px4_msgs/bin'
[1620.355s] INFO:colcon.colcon_core.shell:Creating package script '/home/ubuntu/ws_sensor_combined/install/px4_msgs/share/px4_msgs/package.ps1'
[1620.358s] INFO:colcon.colcon_core.shell:Creating package descriptor '/home/ubuntu/ws_sensor_combined/install/px4_msgs/share/px4_msgs/package.dsv'
[1620.362s] INFO:colcon.colcon_core.shell:Creating package script '/home/ubuntu/ws_sensor_combined/install/px4_msgs/share/px4_msgs/package.sh'
[1620.365s] INFO:colcon.colcon_core.shell:Creating package script '/home/ubuntu/ws_sensor_combined/install/px4_msgs/share/px4_msgs/package.bash'
[1620.369s] INFO:colcon.colcon_core.shell:Creating package script '/home/ubuntu/ws_sensor_combined/install/px4_msgs/share/px4_msgs/package.zsh'
[1620.372s] Level 1:colcon.colcon_core.environment:create_file_with_runtime_dependencies(/home/ubuntu/ws_sensor_combined/install/px4_msgs/share/colcon-core/packages/px4_msgs)
[1658.984s] Level 1:colcon.colcon_core.environment:create_environment_scripts_only(px4_msgs)
[1658.985s] Level 1:colcon.colcon_core.environment:checking '/home/ubuntu/ws_sensor_combined/install/px4_msgs' for CMake module files
[1658.991s] Level 1:colcon.colcon_core.environment:checking '/home/ubuntu/ws_sensor_combined/install/px4_msgs' for CMake config files
[1659.053s] Level 1:colcon.colcon_core.shell:create_environment_hook('px4_msgs', 'cmake_prefix_path')
[1659.054s] INFO:colcon.colcon_core.shell:Creating environment hook '/home/ubuntu/ws_sensor_combined/install/px4_msgs/share/px4_msgs/hook/cmake_prefix_path.ps1'
[1659.056s] INFO:colcon.colcon_core.shell:Creating environment descriptor '/home/ubuntu/ws_sensor_combined/install/px4_msgs/share/px4_msgs/hook/cmake_prefix_path.dsv'
[1659.058s] INFO:colcon.colcon_core.shell:Creating environment hook '/home/ubuntu/ws_sensor_combined/install/px4_msgs/share/px4_msgs/hook/cmake_prefix_path.sh'
[1659.061s] Level 1:colcon.colcon_core.environment:checking '/home/ubuntu/ws_sensor_combined/install/px4_msgs/lib'
[1659.061s] Level 1:colcon.colcon_core.shell:create_environment_hook('px4_msgs', 'ld_library_path_lib')
[1659.063s] INFO:colcon.colcon_core.shell:Creating environment hook '/home/ubuntu/ws_sensor_combined/install/px4_msgs/share/px4_msgs/hook/ld_library_path_lib.ps1'
[1659.065s] INFO:colcon.colcon_core.shell:Creating environment descriptor '/home/ubuntu/ws_sensor_combined/install/px4_msgs/share/px4_msgs/hook/ld_library_path_lib.dsv'
[1659.067s] INFO:colcon.colcon_core.shell:Creating environment hook '/home/ubuntu/ws_sensor_combined/install/px4_msgs/share/px4_msgs/hook/ld_library_path_lib.sh'
[1659.069s] Level 1:colcon.colcon_core.environment:checking '/home/ubuntu/ws_sensor_combined/install/px4_msgs/bin'
[1659.070s] Level 1:colcon.colcon_core.environment:checking '/home/ubuntu/ws_sensor_combined/install/px4_msgs/lib/pkgconfig/px4_msgs.pc'
[1659.071s] Level 1:colcon.colcon_core.environment:checking '/home/ubuntu/ws_sensor_combined/install/px4_msgs/lib/python3.10/site-packages'
[1659.072s] Level 1:colcon.colcon_core.environment:checking '/home/ubuntu/ws_sensor_combined/install/px4_msgs/bin'
[1659.073s] INFO:colcon.colcon_core.shell:Creating package script '/home/ubuntu/ws_sensor_combined/install/px4_msgs/share/px4_msgs/package.ps1'
[1659.077s] INFO:colcon.colcon_core.shell:Creating package descriptor '/home/ubuntu/ws_sensor_combined/install/px4_msgs/share/px4_msgs/package.dsv'
[1659.079s] INFO:colcon.colcon_core.shell:Creating package script '/home/ubuntu/ws_sensor_combined/install/px4_msgs/share/px4_msgs/package.sh'
[1659.082s] INFO:colcon.colcon_core.shell:Creating package script '/home/ubuntu/ws_sensor_combined/install/px4_msgs/share/px4_msgs/package.bash'
[1659.084s] INFO:colcon.colcon_core.shell:Creating package script '/home/ubuntu/ws_sensor_combined/install/px4_msgs/share/px4_msgs/package.zsh'
[1659.087s] Level 1:colcon.colcon_core.environment:create_file_with_runtime_dependencies(/home/ubuntu/ws_sensor_combined/install/px4_msgs/share/colcon-core/packages/px4_msgs)
[1659.088s] INFO:colcon.colcon_ros.task.ament_cmake.build:Building ROS package in '/home/ubuntu/ws_sensor_combined/src/px4_ros_com' with build type 'ament_cmake'
[1659.089s] INFO:colcon.colcon_cmake.task.cmake.build:Building CMake package in '/home/ubuntu/ws_sensor_combined/src/px4_ros_com'
[1659.090s] INFO:colcon.colcon_core.shell:Skip shell extension 'powershell' for command environment: Not usable outside of PowerShell
[1659.091s] DEBUG:colcon.colcon_core.shell:Skip shell extension 'dsv' for command environment
[1659.147s] DEBUG:colcon.colcon_core.event_handler.log_command:Invoking command in '/home/ubuntu/ws_sensor_combined/build/px4_ros_com': AMENT_PREFIX_PATH=/home/ubuntu/ws_sensor_combined/install/px4_msgs:${AMENT_PREFIX_PATH} CMAKE_PREFIX_PATH=/home/ubuntu/ws_sensor_combined/install/px4_msgs:/opt/ros/humble LD_LIBRARY_PATH=/home/ubuntu/ws_sensor_combined/install/px4_msgs/lib:/opt/ros/humble/opt/rviz_ogre_vendor/lib:/opt/ros/humble/lib/aarch64-linux-gnu:/opt/ros/humble/lib:/opt/ros/foxy/lib/aarch64-linux-gnu:/opt/ros/foxy/lib PYTHONPATH=/home/ubuntu/ws_sensor_combined/install/px4_msgs/local/lib/python3.10/dist-packages:${PYTHONPATH} /usr/local/bin/cmake /home/ubuntu/ws_sensor_combined/src/px4_ros_com -DCMAKE_INSTALL_PREFIX=/home/ubuntu/ws_sensor_combined/install/px4_ros_com
[1666.980s] DEBUG:colcon.colcon_core.event_handler.log_command:Invoked command in '/home/ubuntu/ws_sensor_combined/build/px4_ros_com' returned '0': AMENT_PREFIX_PATH=/home/ubuntu/ws_sensor_combined/install/px4_msgs:${AMENT_PREFIX_PATH} CMAKE_PREFIX_PATH=/home/ubuntu/ws_sensor_combined/install/px4_msgs:/opt/ros/humble LD_LIBRARY_PATH=/home/ubuntu/ws_sensor_combined/install/px4_msgs/lib:/opt/ros/humble/opt/rviz_ogre_vendor/lib:/opt/ros/humble/lib/aarch64-linux-gnu:/opt/ros/humble/lib:/opt/ros/foxy/lib/aarch64-linux-gnu:/opt/ros/foxy/lib PYTHONPATH=/home/ubuntu/ws_sensor_combined/install/px4_msgs/local/lib/python3.10/dist-packages:${PYTHONPATH} /usr/local/bin/cmake /home/ubuntu/ws_sensor_combined/src/px4_ros_com -DCMAKE_INSTALL_PREFIX=/home/ubuntu/ws_sensor_combined/install/px4_ros_com
[1666.990s] DEBUG:colcon.colcon_core.event_handler.log_command:Invoking command in '/home/ubuntu/ws_sensor_combined/build/px4_ros_com': AMENT_PREFIX_PATH=/home/ubuntu/ws_sensor_combined/install/px4_msgs:${AMENT_PREFIX_PATH} CMAKE_PREFIX_PATH=/home/ubuntu/ws_sensor_combined/install/px4_msgs:/opt/ros/humble LD_LIBRARY_PATH=/home/ubuntu/ws_sensor_combined/install/px4_msgs/lib:/opt/ros/humble/opt/rviz_ogre_vendor/lib:/opt/ros/humble/lib/aarch64-linux-gnu:/opt/ros/humble/lib:/opt/ros/foxy/lib/aarch64-linux-gnu:/opt/ros/foxy/lib PYTHONPATH=/home/ubuntu/ws_sensor_combined/install/px4_msgs/local/lib/python3.10/dist-packages:${PYTHONPATH} /usr/local/bin/cmake --build /home/ubuntu/ws_sensor_combined/build/px4_ros_com -- -j4 -l4
[1743.354s] DEBUG:colcon.colcon_core.event_handler.log_command:Invoked command in '/home/ubuntu/ws_sensor_combined/build/px4_ros_com' returned '0': AMENT_PREFIX_PATH=/home/ubuntu/ws_sensor_combined/install/px4_msgs:${AMENT_PREFIX_PATH} CMAKE_PREFIX_PATH=/home/ubuntu/ws_sensor_combined/install/px4_msgs:/opt/ros/humble LD_LIBRARY_PATH=/home/ubuntu/ws_sensor_combined/install/px4_msgs/lib:/opt/ros/humble/opt/rviz_ogre_vendor/lib:/opt/ros/humble/lib/aarch64-linux-gnu:/opt/ros/humble/lib:/opt/ros/foxy/lib/aarch64-linux-gnu:/opt/ros/foxy/lib PYTHONPATH=/home/ubuntu/ws_sensor_combined/install/px4_msgs/local/lib/python3.10/dist-packages:${PYTHONPATH} /usr/local/bin/cmake --build /home/ubuntu/ws_sensor_combined/build/px4_ros_com -- -j4 -l4
[1743.649s] DEBUG:colcon.colcon_core.event_handler.log_command:Invoking command in '/home/ubuntu/ws_sensor_combined/build/px4_ros_com': AMENT_PREFIX_PATH=/home/ubuntu/ws_sensor_combined/install/px4_msgs:${AMENT_PREFIX_PATH} CMAKE_PREFIX_PATH=/home/ubuntu/ws_sensor_combined/install/px4_msgs:/opt/ros/humble LD_LIBRARY_PATH=/home/ubuntu/ws_sensor_combined/install/px4_msgs/lib:/opt/ros/humble/opt/rviz_ogre_vendor/lib:/opt/ros/humble/lib/aarch64-linux-gnu:/opt/ros/humble/lib:/opt/ros/foxy/lib/aarch64-linux-gnu:/opt/ros/foxy/lib PYTHONPATH=/home/ubuntu/ws_sensor_combined/install/px4_msgs/local/lib/python3.10/dist-packages:${PYTHONPATH} /usr/local/bin/cmake --install /home/ubuntu/ws_sensor_combined/build/px4_ros_com
[1744.048s] Level 1:colcon.colcon_core.environment:create_environment_scripts_only(px4_ros_com)
[1744.049s] Level 1:colcon.colcon_core.environment:checking '/home/ubuntu/ws_sensor_combined/install/px4_ros_com' for CMake module files
[1744.051s] DEBUG:colcon.colcon_core.event_handler.log_command:Invoked command in '/home/ubuntu/ws_sensor_combined/build/px4_ros_com' returned '0': AMENT_PREFIX_PATH=/home/ubuntu/ws_sensor_combined/install/px4_msgs:${AMENT_PREFIX_PATH} CMAKE_PREFIX_PATH=/home/ubuntu/ws_sensor_combined/install/px4_msgs:/opt/ros/humble LD_LIBRARY_PATH=/home/ubuntu/ws_sensor_combined/install/px4_msgs/lib:/opt/ros/humble/opt/rviz_ogre_vendor/lib:/opt/ros/humble/lib/aarch64-linux-gnu:/opt/ros/humble/lib:/opt/ros/foxy/lib/aarch64-linux-gnu:/opt/ros/foxy/lib PYTHONPATH=/home/ubuntu/ws_sensor_combined/install/px4_msgs/local/lib/python3.10/dist-packages:${PYTHONPATH} /usr/local/bin/cmake --install /home/ubuntu/ws_sensor_combined/build/px4_ros_com
[1744.054s] Level 1:colcon.colcon_core.environment:checking '/home/ubuntu/ws_sensor_combined/install/px4_ros_com' for CMake config files
[1744.057s] Level 1:colcon.colcon_core.shell:create_environment_hook('px4_ros_com', 'cmake_prefix_path')
[1744.058s] INFO:colcon.colcon_core.shell:Creating environment hook '/home/ubuntu/ws_sensor_combined/install/px4_ros_com/share/px4_ros_com/hook/cmake_prefix_path.ps1'
[1744.060s] INFO:colcon.colcon_core.shell:Creating environment descriptor '/home/ubuntu/ws_sensor_combined/install/px4_ros_com/share/px4_ros_com/hook/cmake_prefix_path.dsv'
[1744.061s] INFO:colcon.colcon_core.shell:Creating environment hook '/home/ubuntu/ws_sensor_combined/install/px4_ros_com/share/px4_ros_com/hook/cmake_prefix_path.sh'
[1744.064s] Level 1:colcon.colcon_core.environment:checking '/home/ubuntu/ws_sensor_combined/install/px4_ros_com/lib'
[1744.065s] Level 1:colcon.colcon_core.shell:create_environment_hook('px4_ros_com', 'ld_library_path_lib')
[1744.066s] INFO:colcon.colcon_core.shell:Creating environment hook '/home/ubuntu/ws_sensor_combined/install/px4_ros_com/share/px4_ros_com/hook/ld_library_path_lib.ps1'
[1744.068s] INFO:colcon.colcon_core.shell:Creating environment descriptor '/home/ubuntu/ws_sensor_combined/install/px4_ros_com/share/px4_ros_com/hook/ld_library_path_lib.dsv'
[1744.069s] INFO:colcon.colcon_core.shell:Creating environment hook '/home/ubuntu/ws_sensor_combined/install/px4_ros_com/share/px4_ros_com/hook/ld_library_path_lib.sh'
[1744.071s] Level 1:colcon.colcon_core.environment:checking '/home/ubuntu/ws_sensor_combined/install/px4_ros_com/bin'
[1744.072s] Level 1:colcon.colcon_core.environment:checking '/home/ubuntu/ws_sensor_combined/install/px4_ros_com/lib/pkgconfig/px4_ros_com.pc'
[1744.073s] Level 1:colcon.colcon_core.environment:checking '/home/ubuntu/ws_sensor_combined/install/px4_ros_com/lib/python3.10/site-packages'
[1744.074s] Level 1:colcon.colcon_core.environment:checking '/home/ubuntu/ws_sensor_combined/install/px4_ros_com/bin'
[1744.075s] INFO:colcon.colcon_core.shell:Creating package script '/home/ubuntu/ws_sensor_combined/install/px4_ros_com/share/px4_ros_com/package.ps1'
[1744.078s] INFO:colcon.colcon_core.shell:Creating package descriptor '/home/ubuntu/ws_sensor_combined/install/px4_ros_com/share/px4_ros_com/package.dsv'
[1744.080s] INFO:colcon.colcon_core.shell:Creating package script '/home/ubuntu/ws_sensor_combined/install/px4_ros_com/share/px4_ros_com/package.sh'
[1744.082s] INFO:colcon.colcon_core.shell:Creating package script '/home/ubuntu/ws_sensor_combined/install/px4_ros_com/share/px4_ros_com/package.bash'
[1744.084s] INFO:colcon.colcon_core.shell:Creating package script '/home/ubuntu/ws_sensor_combined/install/px4_ros_com/share/px4_ros_com/package.zsh'
[1744.086s] Level 1:colcon.colcon_core.environment:create_file_with_runtime_dependencies(/home/ubuntu/ws_sensor_combined/install/px4_ros_com/share/colcon-core/packages/px4_ros_com)
[1744.366s] Level 1:colcon.colcon_core.environment:create_environment_scripts_only(px4_ros_com)
[1744.368s] Level 1:colcon.colcon_core.environment:checking '/home/ubuntu/ws_sensor_combined/install/px4_ros_com' for CMake module files
[1744.373s] Level 1:colcon.colcon_core.environment:checking '/home/ubuntu/ws_sensor_combined/install/px4_ros_com' for CMake config files
[1744.376s] Level 1:colcon.colcon_core.shell:create_environment_hook('px4_ros_com', 'cmake_prefix_path')
[1744.378s] INFO:colcon.colcon_core.shell:Creating environment hook '/home/ubuntu/ws_sensor_combined/install/px4_ros_com/share/px4_ros_com/hook/cmake_prefix_path.ps1'
[1744.380s] INFO:colcon.colcon_core.shell:Creating environment descriptor '/home/ubuntu/ws_sensor_combined/install/px4_ros_com/share/px4_ros_com/hook/cmake_prefix_path.dsv'
[1744.382s] INFO:colcon.colcon_core.shell:Creating environment hook '/home/ubuntu/ws_sensor_combined/install/px4_ros_com/share/px4_ros_com/hook/cmake_prefix_path.sh'
[1744.386s] Level 1:colcon.colcon_core.environment:checking '/home/ubuntu/ws_sensor_combined/install/px4_ros_com/lib'
[1744.386s] Level 1:colcon.colcon_core.shell:create_environment_hook('px4_ros_com', 'ld_library_path_lib')
[1744.387s] INFO:colcon.colcon_core.shell:Creating environment hook '/home/ubuntu/ws_sensor_combined/install/px4_ros_com/share/px4_ros_com/hook/ld_library_path_lib.ps1'
[1744.390s] INFO:colcon.colcon_core.shell:Creating environment descriptor '/home/ubuntu/ws_sensor_combined/install/px4_ros_com/share/px4_ros_com/hook/ld_library_path_lib.dsv'
[1744.392s] INFO:colcon.colcon_core.shell:Creating environment hook '/home/ubuntu/ws_sensor_combined/install/px4_ros_com/share/px4_ros_com/hook/ld_library_path_lib.sh'
[1744.394s] Level 1:colcon.colcon_core.environment:checking '/home/ubuntu/ws_sensor_combined/install/px4_ros_com/bin'
[1744.395s] Level 1:colcon.colcon_core.environment:checking '/home/ubuntu/ws_sensor_combined/install/px4_ros_com/lib/pkgconfig/px4_ros_com.pc'
[1744.396s] Level 1:colcon.colcon_core.environment:checking '/home/ubuntu/ws_sensor_combined/install/px4_ros_com/lib/python3.10/site-packages'
[1744.397s] Level 1:colcon.colcon_core.environment:checking '/home/ubuntu/ws_sensor_combined/install/px4_ros_com/bin'
[1744.398s] INFO:colcon.colcon_core.shell:Creating package script '/home/ubuntu/ws_sensor_combined/install/px4_ros_com/share/px4_ros_com/package.ps1'
[1744.401s] INFO:colcon.colcon_core.shell:Creating package descriptor '/home/ubuntu/ws_sensor_combined/install/px4_ros_com/share/px4_ros_com/package.dsv'
[1744.404s] INFO:colcon.colcon_core.shell:Creating package script '/home/ubuntu/ws_sensor_combined/install/px4_ros_com/share/px4_ros_com/package.sh'
[1744.406s] INFO:colcon.colcon_core.shell:Creating package script '/home/ubuntu/ws_sensor_combined/install/px4_ros_com/share/px4_ros_com/package.bash'
[1744.409s] INFO:colcon.colcon_core.shell:Creating package script '/home/ubuntu/ws_sensor_combined/install/px4_ros_com/share/px4_ros_com/package.zsh'
[1744.411s] Level 1:colcon.colcon_core.environment:create_file_with_runtime_dependencies(/home/ubuntu/ws_sensor_combined/install/px4_ros_com/share/colcon-core/packages/px4_ros_com)
[1744.412s] DEBUG:colcon.colcon_parallel_executor.executor.parallel:closing loop
[1744.413s] DEBUG:colcon.colcon_parallel_executor.executor.parallel:loop closed
[1744.414s] DEBUG:colcon.colcon_parallel_executor.executor.parallel:run_until_complete finished with '0'
[1744.414s] DEBUG:colcon.colcon_core.event_reactor:joining thread
[1744.443s] INFO:colcon.colcon_core.plugin_system:Skipping extension 'colcon_notification.desktop_notification.notify_send': Could not find 'notify-send'
[1744.444s] INFO:colcon.colcon_core.plugin_system:Skipping extension 'colcon_notification.desktop_notification.terminal_notifier': Not used on non-Darwin systems
[1744.444s] INFO:colcon.colcon_core.plugin_system:Skipping extension 'colcon_notification.desktop_notification.win32': Not used on non-Windows systems
[1744.444s] INFO:colcon.colcon_notification.desktop_notification:Sending desktop notification using 'notify2'
[1744.449s] DEBUG:colcon.colcon_notification.desktop_notification.notify2:Failed to initialize notify2: org.freedesktop.DBus.Error.ServiceUnknown: The name org.freedesktop.Notifications was not provided by any .service files
[1744.449s] DEBUG:colcon.colcon_core.event_reactor:joined thread
[1744.451s] INFO:colcon.colcon_core.shell:Creating prefix script '/home/ubuntu/ws_sensor_combined/install/local_setup.ps1'
[1744.455s] INFO:colcon.colcon_core.shell:Creating prefix util module '/home/ubuntu/ws_sensor_combined/install/_local_setup_util_ps1.py'
[1744.463s] INFO:colcon.colcon_core.shell:Creating prefix chain script '/home/ubuntu/ws_sensor_combined/install/setup.ps1'
[1744.467s] INFO:colcon.colcon_core.shell:Creating prefix script '/home/ubuntu/ws_sensor_combined/install/local_setup.sh'
[1744.470s] INFO:colcon.colcon_core.shell:Creating prefix util module '/home/ubuntu/ws_sensor_combined/install/_local_setup_util_sh.py'
[1744.473s] INFO:colcon.colcon_core.shell:Creating prefix chain script '/home/ubuntu/ws_sensor_combined/install/setup.sh'
[1744.477s] INFO:colcon.colcon_core.shell:Creating prefix script '/home/ubuntu/ws_sensor_combined/install/local_setup.bash'
[1744.479s] INFO:colcon.colcon_core.shell:Creating prefix chain script '/home/ubuntu/ws_sensor_combined/install/setup.bash'
[1744.483s] INFO:colcon.colcon_core.shell:Creating prefix script '/home/ubuntu/ws_sensor_combined/install/local_setup.zsh'
[1744.486s] INFO:colcon.colcon_core.shell:Creating prefix chain script '/home/ubuntu/ws_sensor_combined/install/setup.zsh'
