[0.750s] DEBUG:colcon:Command line arguments: ['/usr/bin/colcon', 'build']
[0.751s] DEBUG:colcon:Parsed command line arguments: Namespace(log_base=None, log_level=None, verb_name='build', build_base='build', install_base='install', merge_install=False, symlink_install=False, test_result_base=None, continue_on_error=False, executor='parallel', parallel_workers=4, event_handlers=None, ignore_user_meta=False, metas=['./colcon.meta'], base_paths=['.'], packages_ignore=None, packages_ignore_regex=None, paths=None, packages_up_to=None, packages_up_to_regex=None, packages_above=None, packages_above_and_dependencies=None, packages_above_depth=None, packages_select_by_dep=None, packages_skip_by_dep=None, packages_skip_up_to=None, packages_select_build_failed=False, packages_skip_build_finished=False, packages_select_test_failures=False, packages_skip_test_passed=False, packages_select=None, packages_skip=None, packages_select_regex=None, packages_skip_regex=None, packages_start=None, packages_end=None, allow_overriding=[], cmake_args=None, cmake_target=None, cmake_target_skip_unavailable=False, cmake_clean_cache=False, cmake_clean_first=False, cmake_force_configure=False, ament_cmake_args=None, catkin_cmake_args=None, catkin_skip_building_tests=False, mixin_files=None, mixin=None, verb_parser=<colcon_mixin.mixin.mixin_argument.MixinArgumentDecorator object at 0xffff9e5662c0>, verb_extension=<colcon_core.verb.build.BuildVerb object at 0xffff9e682980>, main=<bound method BuildVerb.main of <colcon_core.verb.build.BuildVerb object at 0xffff9e682980>>, mixin_verb=('build',))
[2.279s] Level 1:colcon.colcon_core.package_discovery:discover_packages(colcon_meta) check parameters
[2.280s] Level 1:colcon.colcon_core.package_discovery:discover_packages(recursive) check parameters
[2.280s] Level 1:colcon.colcon_core.package_discovery:discover_packages(ignore) check parameters
[2.280s] Level 1:colcon.colcon_core.package_discovery:discover_packages(path) check parameters
[2.281s] Level 1:colcon.colcon_core.package_discovery:discover_packages(colcon_meta) discover
[2.281s] Level 1:colcon.colcon_core.package_discovery:discover_packages(recursive) discover
[2.281s] INFO:colcon.colcon_core.package_discovery:Crawling recursively for packages in '/home/ubuntu/ws_sensor_combined'
[2.282s] Level 1:colcon.colcon_core.package_identification:_identify(.) by extensions ['ignore', 'ignore_ament_install']
[2.282s] Level 1:colcon.colcon_core.package_identification:_identify(.) by extension 'ignore'
[2.282s] Level 1:colcon.colcon_core.package_identification:_identify(.) by extension 'ignore_ament_install'
[2.283s] Level 1:colcon.colcon_core.package_identification:_identify(.) by extensions ['colcon_pkg']
[2.283s] Level 1:colcon.colcon_core.package_identification:_identify(.) by extension 'colcon_pkg'
[2.283s] Level 1:colcon.colcon_core.package_identification:_identify(.) by extensions ['colcon_meta']
[2.283s] Level 1:colcon.colcon_core.package_identification:_identify(.) by extension 'colcon_meta'
[2.283s] Level 1:colcon.colcon_core.package_identification:_identify(.) by extensions ['ros']
[2.284s] Level 1:colcon.colcon_core.package_identification:_identify(.) by extension 'ros'
[2.365s] Level 1:colcon.colcon_core.package_identification:_identify(.) by extensions ['cmake', 'python']
[2.365s] Level 1:colcon.colcon_core.package_identification:_identify(.) by extension 'cmake'
[2.366s] Level 1:colcon.colcon_core.package_identification:_identify(.) by extension 'python'
[2.366s] Level 1:colcon.colcon_core.package_identification:_identify(.) by extensions ['python_setup_py']
[2.366s] Level 1:colcon.colcon_core.package_identification:_identify(.) by extension 'python_setup_py'
[2.367s] Level 1:colcon.colcon_core.package_identification:_identify(build) by extensions ['ignore', 'ignore_ament_install']
[2.367s] Level 1:colcon.colcon_core.package_identification:_identify(build) by extension 'ignore'
[2.367s] Level 1:colcon.colcon_core.package_identification:_identify(build) ignored
[2.368s] Level 1:colcon.colcon_core.package_identification:_identify(install) by extensions ['ignore', 'ignore_ament_install']
[2.368s] Level 1:colcon.colcon_core.package_identification:_identify(install) by extension 'ignore'
[2.369s] Level 1:colcon.colcon_core.package_identification:_identify(install) ignored
[2.369s] Level 1:colcon.colcon_core.package_identification:_identify(log) by extensions ['ignore', 'ignore_ament_install']
[2.369s] Level 1:colcon.colcon_core.package_identification:_identify(log) by extension 'ignore'
[2.370s] Level 1:colcon.colcon_core.package_identification:_identify(log) ignored
[2.370s] Level 1:colcon.colcon_core.package_identification:_identify(src) by extensions ['ignore', 'ignore_ament_install']
[2.370s] Level 1:colcon.colcon_core.package_identification:_identify(src) by extension 'ignore'
[2.371s] Level 1:colcon.colcon_core.package_identification:_identify(src) by extension 'ignore_ament_install'
[2.371s] Level 1:colcon.colcon_core.package_identification:_identify(src) by extensions ['colcon_pkg']
[2.371s] Level 1:colcon.colcon_core.package_identification:_identify(src) by extension 'colcon_pkg'
[2.371s] Level 1:colcon.colcon_core.package_identification:_identify(src) by extensions ['colcon_meta']
[2.371s] Level 1:colcon.colcon_core.package_identification:_identify(src) by extension 'colcon_meta'
[2.372s] Level 1:colcon.colcon_core.package_identification:_identify(src) by extensions ['ros']
[2.372s] Level 1:colcon.colcon_core.package_identification:_identify(src) by extension 'ros'
[2.372s] Level 1:colcon.colcon_core.package_identification:_identify(src) by extensions ['cmake', 'python']
[2.372s] Level 1:colcon.colcon_core.package_identification:_identify(src) by extension 'cmake'
[2.373s] Level 1:colcon.colcon_core.package_identification:_identify(src) by extension 'python'
[2.373s] Level 1:colcon.colcon_core.package_identification:_identify(src) by extensions ['python_setup_py']
[2.373s] Level 1:colcon.colcon_core.package_identification:_identify(src) by extension 'python_setup_py'
[2.374s] Level 1:colcon.colcon_core.package_identification:_identify(src/px4_msgs) by extensions ['ignore', 'ignore_ament_install']
[2.374s] Level 1:colcon.colcon_core.package_identification:_identify(src/px4_msgs) by extension 'ignore'
[2.374s] Level 1:colcon.colcon_core.package_identification:_identify(src/px4_msgs) by extension 'ignore_ament_install'
[2.374s] Level 1:colcon.colcon_core.package_identification:_identify(src/px4_msgs) by extensions ['colcon_pkg']
[2.374s] Level 1:colcon.colcon_core.package_identification:_identify(src/px4_msgs) by extension 'colcon_pkg'
[2.375s] Level 1:colcon.colcon_core.package_identification:_identify(src/px4_msgs) by extensions ['colcon_meta']
[2.375s] Level 1:colcon.colcon_core.package_identification:_identify(src/px4_msgs) by extension 'colcon_meta'
[2.375s] Level 1:colcon.colcon_core.package_identification:_identify(src/px4_msgs) by extensions ['ros']
[2.375s] Level 1:colcon.colcon_core.package_identification:_identify(src/px4_msgs) by extension 'ros'
[2.390s] DEBUG:colcon.colcon_core.package_identification:Package 'src/px4_msgs' with type 'ros.ament_cmake' and name 'px4_msgs'
[2.392s] Level 1:colcon.colcon_core.package_identification:_identify(src/px4_ros_com) by extensions ['ignore', 'ignore_ament_install']
[2.393s] Level 1:colcon.colcon_core.package_identification:_identify(src/px4_ros_com) by extension 'ignore'
[2.393s] Level 1:colcon.colcon_core.package_identification:_identify(src/px4_ros_com) by extension 'ignore_ament_install'
[2.393s] Level 1:colcon.colcon_core.package_identification:_identify(src/px4_ros_com) by extensions ['colcon_pkg']
[2.394s] Level 1:colcon.colcon_core.package_identification:_identify(src/px4_ros_com) by extension 'colcon_pkg'
[2.394s] Level 1:colcon.colcon_core.package_identification:_identify(src/px4_ros_com) by extensions ['colcon_meta']
[2.394s] Level 1:colcon.colcon_core.package_identification:_identify(src/px4_ros_com) by extension 'colcon_meta'
[2.394s] Level 1:colcon.colcon_core.package_identification:_identify(src/px4_ros_com) by extensions ['ros']
[2.394s] Level 1:colcon.colcon_core.package_identification:_identify(src/px4_ros_com) by extension 'ros'
[2.407s] DEBUG:colcon.colcon_core.package_identification:Package 'src/px4_ros_com' with type 'ros.ament_cmake' and name 'px4_ros_com'
[2.407s] Level 1:colcon.colcon_core.package_discovery:discover_packages(recursive) using defaults
[2.407s] Level 1:colcon.colcon_core.package_discovery:discover_packages(ignore) discover
[2.407s] Level 1:colcon.colcon_core.package_discovery:discover_packages(ignore) using defaults
[2.407s] Level 1:colcon.colcon_core.package_discovery:discover_packages(path) discover
[2.408s] Level 1:colcon.colcon_core.package_discovery:discover_packages(path) using defaults
[2.562s] Level 1:colcon.colcon_core.package_discovery:discover_packages(prefix_path) check parameters
[2.562s] Level 1:colcon.colcon_core.package_discovery:discover_packages(prefix_path) discover
[2.577s] DEBUG:colcon.colcon_installed_package_information.package_discovery:Found 2 installed packages in /home/ubuntu/ws_sensor_combined/install
[2.589s] DEBUG:colcon.colcon_installed_package_information.package_discovery:Found 270 installed packages in /opt/ros/humble
[2.596s] Level 1:colcon.colcon_core.package_discovery:discover_packages(prefix_path) using defaults
[2.811s] Level 5:colcon.colcon_core.verb:set package 'px4_msgs' build argument 'cmake_args' from command line to 'None'
[2.811s] Level 5:colcon.colcon_core.verb:set package 'px4_msgs' build argument 'cmake_target' from command line to 'None'
[2.811s] Level 5:colcon.colcon_core.verb:set package 'px4_msgs' build argument 'cmake_target_skip_unavailable' from command line to 'False'
[2.812s] Level 5:colcon.colcon_core.verb:set package 'px4_msgs' build argument 'cmake_clean_cache' from command line to 'False'
[2.812s] Level 5:colcon.colcon_core.verb:set package 'px4_msgs' build argument 'cmake_clean_first' from command line to 'False'
[2.812s] Level 5:colcon.colcon_core.verb:set package 'px4_msgs' build argument 'cmake_force_configure' from command line to 'False'
[2.812s] Level 5:colcon.colcon_core.verb:set package 'px4_msgs' build argument 'ament_cmake_args' from command line to 'None'
[2.812s] Level 5:colcon.colcon_core.verb:set package 'px4_msgs' build argument 'catkin_cmake_args' from command line to 'None'
[2.812s] Level 5:colcon.colcon_core.verb:set package 'px4_msgs' build argument 'catkin_skip_building_tests' from command line to 'False'
[2.812s] DEBUG:colcon.colcon_core.verb:Building package 'px4_msgs' with the following arguments: {'ament_cmake_args': None, 'build_base': '/home/ubuntu/ws_sensor_combined/build/px4_msgs', 'catkin_cmake_args': None, 'catkin_skip_building_tests': False, 'cmake_args': None, 'cmake_clean_cache': False, 'cmake_clean_first': False, 'cmake_force_configure': False, 'cmake_target': None, 'cmake_target_skip_unavailable': False, 'install_base': '/home/ubuntu/ws_sensor_combined/install/px4_msgs', 'merge_install': False, 'path': '/home/ubuntu/ws_sensor_combined/src/px4_msgs', 'symlink_install': False, 'test_result_base': None}
[2.814s] Level 5:colcon.colcon_core.verb:set package 'px4_ros_com' build argument 'cmake_args' from command line to 'None'
[2.814s] Level 5:colcon.colcon_core.verb:set package 'px4_ros_com' build argument 'cmake_target' from command line to 'None'
[2.815s] Level 5:colcon.colcon_core.verb:set package 'px4_ros_com' build argument 'cmake_target_skip_unavailable' from command line to 'False'
[2.815s] Level 5:colcon.colcon_core.verb:set package 'px4_ros_com' build argument 'cmake_clean_cache' from command line to 'False'
[2.815s] Level 5:colcon.colcon_core.verb:set package 'px4_ros_com' build argument 'cmake_clean_first' from command line to 'False'
[2.815s] Level 5:colcon.colcon_core.verb:set package 'px4_ros_com' build argument 'cmake_force_configure' from command line to 'False'
[2.815s] Level 5:colcon.colcon_core.verb:set package 'px4_ros_com' build argument 'ament_cmake_args' from command line to 'None'
[2.815s] Level 5:colcon.colcon_core.verb:set package 'px4_ros_com' build argument 'catkin_cmake_args' from command line to 'None'
[2.815s] Level 5:colcon.colcon_core.verb:set package 'px4_ros_com' build argument 'catkin_skip_building_tests' from command line to 'False'
[2.815s] DEBUG:colcon.colcon_core.verb:Building package 'px4_ros_com' with the following arguments: {'ament_cmake_args': None, 'build_base': '/home/ubuntu/ws_sensor_combined/build/px4_ros_com', 'catkin_cmake_args': None, 'catkin_skip_building_tests': False, 'cmake_args': None, 'cmake_clean_cache': False, 'cmake_clean_first': False, 'cmake_force_configure': False, 'cmake_target': None, 'cmake_target_skip_unavailable': False, 'install_base': '/home/ubuntu/ws_sensor_combined/install/px4_ros_com', 'merge_install': False, 'path': '/home/ubuntu/ws_sensor_combined/src/px4_ros_com', 'symlink_install': False, 'test_result_base': None}
[2.816s] INFO:colcon.colcon_core.executor:Executing jobs using 'parallel' executor
[2.820s] DEBUG:colcon.colcon_parallel_executor.executor.parallel:run_until_complete
[2.821s] INFO:colcon.colcon_ros.task.ament_cmake.build:Building ROS package in '/home/ubuntu/ws_sensor_combined/src/px4_msgs' with build type 'ament_cmake'
[2.821s] INFO:colcon.colcon_cmake.task.cmake.build:Building CMake package in '/home/ubuntu/ws_sensor_combined/src/px4_msgs'
[2.842s] INFO:colcon.colcon_core.plugin_system:Skipping extension 'colcon_core.shell.bat': Not used on non-Windows systems
[2.844s] INFO:colcon.colcon_core.shell:Skip shell extension 'powershell' for command environment: Not usable outside of PowerShell
[2.844s] DEBUG:colcon.colcon_core.shell:Skip shell extension 'dsv' for command environment
[2.895s] DEBUG:colcon.colcon_core.event_handler.log_command:Invoking command in '/home/ubuntu/ws_sensor_combined/build/px4_msgs': CMAKE_PREFIX_PATH=${CMAKE_PREFIX_PATH}:/opt/ros/humble /usr/local/bin/cmake --build /home/ubuntu/ws_sensor_combined/build/px4_msgs -- -j4 -l4
[11.871s] DEBUG:colcon.colcon_core.event_handler.log_command:Invoked command in '/home/ubuntu/ws_sensor_combined/build/px4_msgs' returned '0': CMAKE_PREFIX_PATH=${CMAKE_PREFIX_PATH}:/opt/ros/humble /usr/local/bin/cmake --build /home/ubuntu/ws_sensor_combined/build/px4_msgs -- -j4 -l4
[50.970s] DEBUG:colcon.colcon_core.event_handler.log_command:Invoking command in '/home/ubuntu/ws_sensor_combined/build/px4_msgs': CMAKE_PREFIX_PATH=${CMAKE_PREFIX_PATH}:/opt/ros/humble /usr/local/bin/cmake --install /home/ubuntu/ws_sensor_combined/build/px4_msgs
[54.653s] Level 1:colcon.colcon_core.environment:create_environment_scripts_only(px4_msgs)
[54.654s] DEBUG:colcon.colcon_core.event_handler.log_command:Invoked command in '/home/ubuntu/ws_sensor_combined/build/px4_msgs' returned '0': CMAKE_PREFIX_PATH=${CMAKE_PREFIX_PATH}:/opt/ros/humble /usr/local/bin/cmake --install /home/ubuntu/ws_sensor_combined/build/px4_msgs
[54.691s] Level 1:colcon.colcon_core.environment:checking '/home/ubuntu/ws_sensor_combined/install/px4_msgs' for CMake module files
[54.697s] Level 1:colcon.colcon_core.environment:checking '/home/ubuntu/ws_sensor_combined/install/px4_msgs' for CMake config files
[54.760s] Level 1:colcon.colcon_core.shell:create_environment_hook('px4_msgs', 'cmake_prefix_path')
[54.761s] INFO:colcon.colcon_core.shell:Creating environment hook '/home/ubuntu/ws_sensor_combined/install/px4_msgs/share/px4_msgs/hook/cmake_prefix_path.ps1'
[54.765s] INFO:colcon.colcon_core.shell:Creating environment descriptor '/home/ubuntu/ws_sensor_combined/install/px4_msgs/share/px4_msgs/hook/cmake_prefix_path.dsv'
[54.771s] INFO:colcon.colcon_core.shell:Creating environment hook '/home/ubuntu/ws_sensor_combined/install/px4_msgs/share/px4_msgs/hook/cmake_prefix_path.sh'
[54.780s] Level 1:colcon.colcon_core.environment:checking '/home/ubuntu/ws_sensor_combined/install/px4_msgs/lib'
[54.781s] Level 1:colcon.colcon_core.shell:create_environment_hook('px4_msgs', 'ld_library_path_lib')
[54.782s] INFO:colcon.colcon_core.shell:Creating environment hook '/home/ubuntu/ws_sensor_combined/install/px4_msgs/share/px4_msgs/hook/ld_library_path_lib.ps1'
[54.785s] INFO:colcon.colcon_core.shell:Creating environment descriptor '/home/ubuntu/ws_sensor_combined/install/px4_msgs/share/px4_msgs/hook/ld_library_path_lib.dsv'
[54.788s] INFO:colcon.colcon_core.shell:Creating environment hook '/home/ubuntu/ws_sensor_combined/install/px4_msgs/share/px4_msgs/hook/ld_library_path_lib.sh'
[54.791s] Level 1:colcon.colcon_core.environment:checking '/home/ubuntu/ws_sensor_combined/install/px4_msgs/bin'
[54.791s] Level 1:colcon.colcon_core.environment:checking '/home/ubuntu/ws_sensor_combined/install/px4_msgs/lib/pkgconfig/px4_msgs.pc'
[54.792s] Level 1:colcon.colcon_core.environment:checking '/home/ubuntu/ws_sensor_combined/install/px4_msgs/lib/python3.10/site-packages'
[54.793s] Level 1:colcon.colcon_core.environment:checking '/home/ubuntu/ws_sensor_combined/install/px4_msgs/bin'
[54.794s] INFO:colcon.colcon_core.shell:Creating package script '/home/ubuntu/ws_sensor_combined/install/px4_msgs/share/px4_msgs/package.ps1'
[54.800s] INFO:colcon.colcon_core.shell:Creating package descriptor '/home/ubuntu/ws_sensor_combined/install/px4_msgs/share/px4_msgs/package.dsv'
[54.806s] INFO:colcon.colcon_core.shell:Creating package script '/home/ubuntu/ws_sensor_combined/install/px4_msgs/share/px4_msgs/package.sh'
[54.813s] INFO:colcon.colcon_core.shell:Creating package script '/home/ubuntu/ws_sensor_combined/install/px4_msgs/share/px4_msgs/package.bash'
[54.822s] INFO:colcon.colcon_core.shell:Creating package script '/home/ubuntu/ws_sensor_combined/install/px4_msgs/share/px4_msgs/package.zsh'
[54.830s] Level 1:colcon.colcon_core.environment:create_file_with_runtime_dependencies(/home/ubuntu/ws_sensor_combined/install/px4_msgs/share/colcon-core/packages/px4_msgs)
[94.024s] Level 1:colcon.colcon_core.environment:create_environment_scripts_only(px4_msgs)
[94.025s] Level 1:colcon.colcon_core.environment:checking '/home/ubuntu/ws_sensor_combined/install/px4_msgs' for CMake module files
[94.030s] Level 1:colcon.colcon_core.environment:checking '/home/ubuntu/ws_sensor_combined/install/px4_msgs' for CMake config files
[94.090s] Level 1:colcon.colcon_core.shell:create_environment_hook('px4_msgs', 'cmake_prefix_path')
[94.092s] INFO:colcon.colcon_core.shell:Creating environment hook '/home/ubuntu/ws_sensor_combined/install/px4_msgs/share/px4_msgs/hook/cmake_prefix_path.ps1'
[94.094s] INFO:colcon.colcon_core.shell:Creating environment descriptor '/home/ubuntu/ws_sensor_combined/install/px4_msgs/share/px4_msgs/hook/cmake_prefix_path.dsv'
[94.096s] INFO:colcon.colcon_core.shell:Creating environment hook '/home/ubuntu/ws_sensor_combined/install/px4_msgs/share/px4_msgs/hook/cmake_prefix_path.sh'
[94.099s] Level 1:colcon.colcon_core.environment:checking '/home/ubuntu/ws_sensor_combined/install/px4_msgs/lib'
[94.100s] Level 1:colcon.colcon_core.shell:create_environment_hook('px4_msgs', 'ld_library_path_lib')
[94.101s] INFO:colcon.colcon_core.shell:Creating environment hook '/home/ubuntu/ws_sensor_combined/install/px4_msgs/share/px4_msgs/hook/ld_library_path_lib.ps1'
[94.103s] INFO:colcon.colcon_core.shell:Creating environment descriptor '/home/ubuntu/ws_sensor_combined/install/px4_msgs/share/px4_msgs/hook/ld_library_path_lib.dsv'
[94.105s] INFO:colcon.colcon_core.shell:Creating environment hook '/home/ubuntu/ws_sensor_combined/install/px4_msgs/share/px4_msgs/hook/ld_library_path_lib.sh'
[94.107s] Level 1:colcon.colcon_core.environment:checking '/home/ubuntu/ws_sensor_combined/install/px4_msgs/bin'
[94.108s] Level 1:colcon.colcon_core.environment:checking '/home/ubuntu/ws_sensor_combined/install/px4_msgs/lib/pkgconfig/px4_msgs.pc'
[94.109s] Level 1:colcon.colcon_core.environment:checking '/home/ubuntu/ws_sensor_combined/install/px4_msgs/lib/python3.10/site-packages'
[94.110s] Level 1:colcon.colcon_core.environment:checking '/home/ubuntu/ws_sensor_combined/install/px4_msgs/bin'
[94.111s] INFO:colcon.colcon_core.shell:Creating package script '/home/ubuntu/ws_sensor_combined/install/px4_msgs/share/px4_msgs/package.ps1'
[94.114s] INFO:colcon.colcon_core.shell:Creating package descriptor '/home/ubuntu/ws_sensor_combined/install/px4_msgs/share/px4_msgs/package.dsv'
[94.117s] INFO:colcon.colcon_core.shell:Creating package script '/home/ubuntu/ws_sensor_combined/install/px4_msgs/share/px4_msgs/package.sh'
[94.119s] INFO:colcon.colcon_core.shell:Creating package script '/home/ubuntu/ws_sensor_combined/install/px4_msgs/share/px4_msgs/package.bash'
[94.122s] INFO:colcon.colcon_core.shell:Creating package script '/home/ubuntu/ws_sensor_combined/install/px4_msgs/share/px4_msgs/package.zsh'
[94.124s] Level 1:colcon.colcon_core.environment:create_file_with_runtime_dependencies(/home/ubuntu/ws_sensor_combined/install/px4_msgs/share/colcon-core/packages/px4_msgs)
[94.126s] INFO:colcon.colcon_ros.task.ament_cmake.build:Building ROS package in '/home/ubuntu/ws_sensor_combined/src/px4_ros_com' with build type 'ament_cmake'
[94.127s] INFO:colcon.colcon_cmake.task.cmake.build:Building CMake package in '/home/ubuntu/ws_sensor_combined/src/px4_ros_com'
[94.128s] INFO:colcon.colcon_core.shell:Skip shell extension 'powershell' for command environment: Not usable outside of PowerShell
[94.128s] DEBUG:colcon.colcon_core.shell:Skip shell extension 'dsv' for command environment
[94.198s] DEBUG:colcon.colcon_core.event_handler.log_command:Invoking command in '/home/ubuntu/ws_sensor_combined/build/px4_ros_com': CMAKE_PREFIX_PATH=/home/ubuntu/ws_sensor_combined/install/px4_msgs:/home/ubuntu/ws_sensor_combined/install/px4_ros_com:/opt/ros/humble LD_LIBRARY_PATH=/home/ubuntu/ws_sensor_combined/install/px4_msgs/lib:/home/ubuntu/ws_sensor_combined/install/px4_ros_com/lib:/opt/ros/humble/opt/rviz_ogre_vendor/lib:/opt/ros/humble/lib/aarch64-linux-gnu:/opt/ros/humble/lib /usr/local/bin/cmake --build /home/ubuntu/ws_sensor_combined/build/px4_ros_com -- -j4 -l4
[96.156s] DEBUG:colcon.colcon_core.event_handler.log_command:Invoked command in '/home/ubuntu/ws_sensor_combined/build/px4_ros_com' returned '0': CMAKE_PREFIX_PATH=/home/ubuntu/ws_sensor_combined/install/px4_msgs:/home/ubuntu/ws_sensor_combined/install/px4_ros_com:/opt/ros/humble LD_LIBRARY_PATH=/home/ubuntu/ws_sensor_combined/install/px4_msgs/lib:/home/ubuntu/ws_sensor_combined/install/px4_ros_com/lib:/opt/ros/humble/opt/rviz_ogre_vendor/lib:/opt/ros/humble/lib/aarch64-linux-gnu:/opt/ros/humble/lib /usr/local/bin/cmake --build /home/ubuntu/ws_sensor_combined/build/px4_ros_com -- -j4 -l4
[96.450s] DEBUG:colcon.colcon_core.event_handler.log_command:Invoking command in '/home/ubuntu/ws_sensor_combined/build/px4_ros_com': CMAKE_PREFIX_PATH=/home/ubuntu/ws_sensor_combined/install/px4_msgs:/home/ubuntu/ws_sensor_combined/install/px4_ros_com:/opt/ros/humble LD_LIBRARY_PATH=/home/ubuntu/ws_sensor_combined/install/px4_msgs/lib:/home/ubuntu/ws_sensor_combined/install/px4_ros_com/lib:/opt/ros/humble/opt/rviz_ogre_vendor/lib:/opt/ros/humble/lib/aarch64-linux-gnu:/opt/ros/humble/lib /usr/local/bin/cmake --install /home/ubuntu/ws_sensor_combined/build/px4_ros_com
[96.729s] Level 1:colcon.colcon_core.environment:create_environment_scripts_only(px4_ros_com)
[96.731s] Level 1:colcon.colcon_core.environment:checking '/home/ubuntu/ws_sensor_combined/install/px4_ros_com' for CMake module files
[96.733s] DEBUG:colcon.colcon_core.event_handler.log_command:Invoked command in '/home/ubuntu/ws_sensor_combined/build/px4_ros_com' returned '0': CMAKE_PREFIX_PATH=/home/ubuntu/ws_sensor_combined/install/px4_msgs:/home/ubuntu/ws_sensor_combined/install/px4_ros_com:/opt/ros/humble LD_LIBRARY_PATH=/home/ubuntu/ws_sensor_combined/install/px4_msgs/lib:/home/ubuntu/ws_sensor_combined/install/px4_ros_com/lib:/opt/ros/humble/opt/rviz_ogre_vendor/lib:/opt/ros/humble/lib/aarch64-linux-gnu:/opt/ros/humble/lib /usr/local/bin/cmake --install /home/ubuntu/ws_sensor_combined/build/px4_ros_com
[96.737s] Level 1:colcon.colcon_core.environment:checking '/home/ubuntu/ws_sensor_combined/install/px4_ros_com' for CMake config files
[96.740s] Level 1:colcon.colcon_core.shell:create_environment_hook('px4_ros_com', 'cmake_prefix_path')
[96.741s] INFO:colcon.colcon_core.shell:Creating environment hook '/home/ubuntu/ws_sensor_combined/install/px4_ros_com/share/px4_ros_com/hook/cmake_prefix_path.ps1'
[96.743s] INFO:colcon.colcon_core.shell:Creating environment descriptor '/home/ubuntu/ws_sensor_combined/install/px4_ros_com/share/px4_ros_com/hook/cmake_prefix_path.dsv'
[96.745s] INFO:colcon.colcon_core.shell:Creating environment hook '/home/ubuntu/ws_sensor_combined/install/px4_ros_com/share/px4_ros_com/hook/cmake_prefix_path.sh'
[96.748s] Level 1:colcon.colcon_core.environment:checking '/home/ubuntu/ws_sensor_combined/install/px4_ros_com/lib'
[96.749s] Level 1:colcon.colcon_core.shell:create_environment_hook('px4_ros_com', 'ld_library_path_lib')
[96.750s] INFO:colcon.colcon_core.shell:Creating environment hook '/home/ubuntu/ws_sensor_combined/install/px4_ros_com/share/px4_ros_com/hook/ld_library_path_lib.ps1'
[96.752s] INFO:colcon.colcon_core.shell:Creating environment descriptor '/home/ubuntu/ws_sensor_combined/install/px4_ros_com/share/px4_ros_com/hook/ld_library_path_lib.dsv'
[96.755s] INFO:colcon.colcon_core.shell:Creating environment hook '/home/ubuntu/ws_sensor_combined/install/px4_ros_com/share/px4_ros_com/hook/ld_library_path_lib.sh'
[96.757s] Level 1:colcon.colcon_core.environment:checking '/home/ubuntu/ws_sensor_combined/install/px4_ros_com/bin'
[96.758s] Level 1:colcon.colcon_core.environment:checking '/home/ubuntu/ws_sensor_combined/install/px4_ros_com/lib/pkgconfig/px4_ros_com.pc'
[96.759s] Level 1:colcon.colcon_core.environment:checking '/home/ubuntu/ws_sensor_combined/install/px4_ros_com/lib/python3.10/site-packages'
[96.760s] Level 1:colcon.colcon_core.environment:checking '/home/ubuntu/ws_sensor_combined/install/px4_ros_com/bin'
[96.761s] INFO:colcon.colcon_core.shell:Creating package script '/home/ubuntu/ws_sensor_combined/install/px4_ros_com/share/px4_ros_com/package.ps1'
[96.764s] INFO:colcon.colcon_core.shell:Creating package descriptor '/home/ubuntu/ws_sensor_combined/install/px4_ros_com/share/px4_ros_com/package.dsv'
[96.766s] INFO:colcon.colcon_core.shell:Creating package script '/home/ubuntu/ws_sensor_combined/install/px4_ros_com/share/px4_ros_com/package.sh'
[96.768s] INFO:colcon.colcon_core.shell:Creating package script '/home/ubuntu/ws_sensor_combined/install/px4_ros_com/share/px4_ros_com/package.bash'
[96.770s] INFO:colcon.colcon_core.shell:Creating package script '/home/ubuntu/ws_sensor_combined/install/px4_ros_com/share/px4_ros_com/package.zsh'
[96.772s] Level 1:colcon.colcon_core.environment:create_file_with_runtime_dependencies(/home/ubuntu/ws_sensor_combined/install/px4_ros_com/share/colcon-core/packages/px4_ros_com)
[97.064s] Level 1:colcon.colcon_core.environment:create_environment_scripts_only(px4_ros_com)
[97.065s] Level 1:colcon.colcon_core.environment:checking '/home/ubuntu/ws_sensor_combined/install/px4_ros_com' for CMake module files
[97.070s] Level 1:colcon.colcon_core.environment:checking '/home/ubuntu/ws_sensor_combined/install/px4_ros_com' for CMake config files
[97.074s] Level 1:colcon.colcon_core.shell:create_environment_hook('px4_ros_com', 'cmake_prefix_path')
[97.075s] INFO:colcon.colcon_core.shell:Creating environment hook '/home/ubuntu/ws_sensor_combined/install/px4_ros_com/share/px4_ros_com/hook/cmake_prefix_path.ps1'
[97.077s] INFO:colcon.colcon_core.shell:Creating environment descriptor '/home/ubuntu/ws_sensor_combined/install/px4_ros_com/share/px4_ros_com/hook/cmake_prefix_path.dsv'
[97.080s] INFO:colcon.colcon_core.shell:Creating environment hook '/home/ubuntu/ws_sensor_combined/install/px4_ros_com/share/px4_ros_com/hook/cmake_prefix_path.sh'
[97.083s] Level 1:colcon.colcon_core.environment:checking '/home/ubuntu/ws_sensor_combined/install/px4_ros_com/lib'
[97.083s] Level 1:colcon.colcon_core.shell:create_environment_hook('px4_ros_com', 'ld_library_path_lib')
[97.084s] INFO:colcon.colcon_core.shell:Creating environment hook '/home/ubuntu/ws_sensor_combined/install/px4_ros_com/share/px4_ros_com/hook/ld_library_path_lib.ps1'
[97.087s] INFO:colcon.colcon_core.shell:Creating environment descriptor '/home/ubuntu/ws_sensor_combined/install/px4_ros_com/share/px4_ros_com/hook/ld_library_path_lib.dsv'
[97.089s] INFO:colcon.colcon_core.shell:Creating environment hook '/home/ubuntu/ws_sensor_combined/install/px4_ros_com/share/px4_ros_com/hook/ld_library_path_lib.sh'
[97.091s] Level 1:colcon.colcon_core.environment:checking '/home/ubuntu/ws_sensor_combined/install/px4_ros_com/bin'
[97.092s] Level 1:colcon.colcon_core.environment:checking '/home/ubuntu/ws_sensor_combined/install/px4_ros_com/lib/pkgconfig/px4_ros_com.pc'
[97.093s] Level 1:colcon.colcon_core.environment:checking '/home/ubuntu/ws_sensor_combined/install/px4_ros_com/lib/python3.10/site-packages'
[97.094s] Level 1:colcon.colcon_core.environment:checking '/home/ubuntu/ws_sensor_combined/install/px4_ros_com/bin'
[97.095s] INFO:colcon.colcon_core.shell:Creating package script '/home/ubuntu/ws_sensor_combined/install/px4_ros_com/share/px4_ros_com/package.ps1'
[97.098s] INFO:colcon.colcon_core.shell:Creating package descriptor '/home/ubuntu/ws_sensor_combined/install/px4_ros_com/share/px4_ros_com/package.dsv'
[97.101s] INFO:colcon.colcon_core.shell:Creating package script '/home/ubuntu/ws_sensor_combined/install/px4_ros_com/share/px4_ros_com/package.sh'
[97.103s] INFO:colcon.colcon_core.shell:Creating package script '/home/ubuntu/ws_sensor_combined/install/px4_ros_com/share/px4_ros_com/package.bash'
[97.106s] INFO:colcon.colcon_core.shell:Creating package script '/home/ubuntu/ws_sensor_combined/install/px4_ros_com/share/px4_ros_com/package.zsh'
[97.108s] Level 1:colcon.colcon_core.environment:create_file_with_runtime_dependencies(/home/ubuntu/ws_sensor_combined/install/px4_ros_com/share/colcon-core/packages/px4_ros_com)
[97.110s] DEBUG:colcon.colcon_parallel_executor.executor.parallel:closing loop
[97.111s] DEBUG:colcon.colcon_parallel_executor.executor.parallel:loop closed
[97.111s] DEBUG:colcon.colcon_parallel_executor.executor.parallel:run_until_complete finished with '0'
[97.112s] DEBUG:colcon.colcon_core.event_reactor:joining thread
[97.149s] INFO:colcon.colcon_core.plugin_system:Skipping extension 'colcon_notification.desktop_notification.notify_send': Could not find 'notify-send'
[97.150s] INFO:colcon.colcon_core.plugin_system:Skipping extension 'colcon_notification.desktop_notification.terminal_notifier': Not used on non-Darwin systems
[97.150s] INFO:colcon.colcon_core.plugin_system:Skipping extension 'colcon_notification.desktop_notification.win32': Not used on non-Windows systems
[97.150s] INFO:colcon.colcon_notification.desktop_notification:Sending desktop notification using 'notify2'
[97.155s] DEBUG:colcon.colcon_notification.desktop_notification.notify2:Failed to initialize notify2: org.freedesktop.DBus.Error.ServiceUnknown: The name org.freedesktop.Notifications was not provided by any .service files
[97.156s] DEBUG:colcon.colcon_core.event_reactor:joined thread
[97.157s] INFO:colcon.colcon_core.shell:Creating prefix script '/home/ubuntu/ws_sensor_combined/install/local_setup.ps1'
[97.162s] INFO:colcon.colcon_core.shell:Creating prefix util module '/home/ubuntu/ws_sensor_combined/install/_local_setup_util_ps1.py'
[97.172s] INFO:colcon.colcon_core.shell:Creating prefix chain script '/home/ubuntu/ws_sensor_combined/install/setup.ps1'
[97.179s] INFO:colcon.colcon_core.shell:Creating prefix script '/home/ubuntu/ws_sensor_combined/install/local_setup.sh'
[97.185s] INFO:colcon.colcon_core.shell:Creating prefix util module '/home/ubuntu/ws_sensor_combined/install/_local_setup_util_sh.py'
[97.189s] INFO:colcon.colcon_core.shell:Creating prefix chain script '/home/ubuntu/ws_sensor_combined/install/setup.sh'
[97.196s] INFO:colcon.colcon_core.shell:Creating prefix script '/home/ubuntu/ws_sensor_combined/install/local_setup.bash'
[97.199s] INFO:colcon.colcon_core.shell:Creating prefix chain script '/home/ubuntu/ws_sensor_combined/install/setup.bash'
[97.205s] INFO:colcon.colcon_core.shell:Creating prefix script '/home/ubuntu/ws_sensor_combined/install/local_setup.zsh'
[97.209s] INFO:colcon.colcon_core.shell:Creating prefix chain script '/home/ubuntu/ws_sensor_combined/install/setup.zsh'
