[0.536s] DEBUG:colcon:Command line arguments: ['/usr/bin/colcon', 'build']
[0.536s] DEBUG:colcon:Parsed command line arguments: Namespace(log_base=None, log_level=None, verb_name='build', build_base='build', install_base='install', merge_install=False, symlink_install=False, test_result_base=None, continue_on_error=False, executor='parallel', parallel_workers=4, event_handlers=None, ignore_user_meta=False, metas=['./colcon.meta'], base_paths=['.'], packages_ignore=None, packages_ignore_regex=None, paths=None, packages_up_to=None, packages_up_to_regex=None, packages_above=None, packages_above_and_dependencies=None, packages_above_depth=None, packages_select_by_dep=None, packages_skip_by_dep=None, packages_skip_up_to=None, packages_select_build_failed=False, packages_skip_build_finished=False, packages_select_test_failures=False, packages_skip_test_passed=False, packages_select=None, packages_skip=None, packages_select_regex=None, packages_skip_regex=None, packages_start=None, packages_end=None, allow_overriding=[], cmake_args=None, cmake_target=None, cmake_target_skip_unavailable=False, cmake_clean_cache=False, cmake_clean_first=False, cmake_force_configure=False, ament_cmake_args=None, catkin_cmake_args=None, catkin_skip_building_tests=False, mixin_files=None, mixin=None, verb_parser=<colcon_mixin.mixin.mixin_argument.MixinArgumentDecorator object at 0xffff7f756290>, verb_extension=<colcon_core.verb.build.BuildVerb object at 0xffff7f872950>, main=<bound method BuildVerb.main of <colcon_core.verb.build.BuildVerb object at 0xffff7f872950>>, mixin_verb=('build',))
[1.620s] Level 1:colcon.colcon_core.package_discovery:discover_packages(colcon_meta) check parameters
[1.621s] Level 1:colcon.colcon_core.package_discovery:discover_packages(recursive) check parameters
[1.621s] Level 1:colcon.colcon_core.package_discovery:discover_packages(ignore) check parameters
[1.621s] Level 1:colcon.colcon_core.package_discovery:discover_packages(path) check parameters
[1.621s] Level 1:colcon.colcon_core.package_discovery:discover_packages(colcon_meta) discover
[1.621s] Level 1:colcon.colcon_core.package_discovery:discover_packages(recursive) discover
[1.621s] INFO:colcon.colcon_core.package_discovery:Crawling recursively for packages in '/home/ubuntu/ws_sensor_combined'
[1.622s] Level 1:colcon.colcon_core.package_identification:_identify(.) by extensions ['ignore', 'ignore_ament_install']
[1.622s] Level 1:colcon.colcon_core.package_identification:_identify(.) by extension 'ignore'
[1.623s] Level 1:colcon.colcon_core.package_identification:_identify(.) by extension 'ignore_ament_install'
[1.623s] Level 1:colcon.colcon_core.package_identification:_identify(.) by extensions ['colcon_pkg']
[1.623s] Level 1:colcon.colcon_core.package_identification:_identify(.) by extension 'colcon_pkg'
[1.623s] Level 1:colcon.colcon_core.package_identification:_identify(.) by extensions ['colcon_meta']
[1.623s] Level 1:colcon.colcon_core.package_identification:_identify(.) by extension 'colcon_meta'
[1.624s] Level 1:colcon.colcon_core.package_identification:_identify(.) by extensions ['ros']
[1.624s] Level 1:colcon.colcon_core.package_identification:_identify(.) by extension 'ros'
[1.674s] Level 1:colcon.colcon_core.package_identification:_identify(.) by extensions ['cmake', 'python']
[1.674s] Level 1:colcon.colcon_core.package_identification:_identify(.) by extension 'cmake'
[1.675s] Level 1:colcon.colcon_core.package_identification:_identify(.) by extension 'python'
[1.675s] Level 1:colcon.colcon_core.package_identification:_identify(.) by extensions ['python_setup_py']
[1.675s] Level 1:colcon.colcon_core.package_identification:_identify(.) by extension 'python_setup_py'
[1.676s] Level 1:colcon.colcon_core.package_identification:_identify(build) by extensions ['ignore', 'ignore_ament_install']
[1.676s] Level 1:colcon.colcon_core.package_identification:_identify(build) by extension 'ignore'
[1.676s] Level 1:colcon.colcon_core.package_identification:_identify(build) ignored
[1.677s] Level 1:colcon.colcon_core.package_identification:_identify(install) by extensions ['ignore', 'ignore_ament_install']
[1.677s] Level 1:colcon.colcon_core.package_identification:_identify(install) by extension 'ignore'
[1.678s] Level 1:colcon.colcon_core.package_identification:_identify(install) ignored
[1.678s] Level 1:colcon.colcon_core.package_identification:_identify(log) by extensions ['ignore', 'ignore_ament_install']
[1.679s] Level 1:colcon.colcon_core.package_identification:_identify(log) by extension 'ignore'
[1.679s] Level 1:colcon.colcon_core.package_identification:_identify(log) ignored
[1.679s] Level 1:colcon.colcon_core.package_identification:_identify(src) by extensions ['ignore', 'ignore_ament_install']
[1.679s] Level 1:colcon.colcon_core.package_identification:_identify(src) by extension 'ignore'
[1.680s] Level 1:colcon.colcon_core.package_identification:_identify(src) by extension 'ignore_ament_install'
[1.680s] Level 1:colcon.colcon_core.package_identification:_identify(src) by extensions ['colcon_pkg']
[1.680s] Level 1:colcon.colcon_core.package_identification:_identify(src) by extension 'colcon_pkg'
[1.680s] Level 1:colcon.colcon_core.package_identification:_identify(src) by extensions ['colcon_meta']
[1.680s] Level 1:colcon.colcon_core.package_identification:_identify(src) by extension 'colcon_meta'
[1.681s] Level 1:colcon.colcon_core.package_identification:_identify(src) by extensions ['ros']
[1.681s] Level 1:colcon.colcon_core.package_identification:_identify(src) by extension 'ros'
[1.681s] Level 1:colcon.colcon_core.package_identification:_identify(src) by extensions ['cmake', 'python']
[1.681s] Level 1:colcon.colcon_core.package_identification:_identify(src) by extension 'cmake'
[1.681s] Level 1:colcon.colcon_core.package_identification:_identify(src) by extension 'python'
[1.682s] Level 1:colcon.colcon_core.package_identification:_identify(src) by extensions ['python_setup_py']
[1.682s] Level 1:colcon.colcon_core.package_identification:_identify(src) by extension 'python_setup_py'
[1.682s] Level 1:colcon.colcon_core.package_identification:_identify(src/px4_msgs) by extensions ['ignore', 'ignore_ament_install']
[1.683s] Level 1:colcon.colcon_core.package_identification:_identify(src/px4_msgs) by extension 'ignore'
[1.683s] Level 1:colcon.colcon_core.package_identification:_identify(src/px4_msgs) by extension 'ignore_ament_install'
[1.683s] Level 1:colcon.colcon_core.package_identification:_identify(src/px4_msgs) by extensions ['colcon_pkg']
[1.683s] Level 1:colcon.colcon_core.package_identification:_identify(src/px4_msgs) by extension 'colcon_pkg'
[1.684s] Level 1:colcon.colcon_core.package_identification:_identify(src/px4_msgs) by extensions ['colcon_meta']
[1.684s] Level 1:colcon.colcon_core.package_identification:_identify(src/px4_msgs) by extension 'colcon_meta'
[1.684s] Level 1:colcon.colcon_core.package_identification:_identify(src/px4_msgs) by extensions ['ros']
[1.684s] Level 1:colcon.colcon_core.package_identification:_identify(src/px4_msgs) by extension 'ros'
[1.694s] DEBUG:colcon.colcon_core.package_identification:Package 'src/px4_msgs' with type 'ros.ament_cmake' and name 'px4_msgs'
[1.695s] Level 1:colcon.colcon_core.package_identification:_identify(src/px4_ros_com) by extensions ['ignore', 'ignore_ament_install']
[1.696s] Level 1:colcon.colcon_core.package_identification:_identify(src/px4_ros_com) by extension 'ignore'
[1.696s] Level 1:colcon.colcon_core.package_identification:_identify(src/px4_ros_com) by extension 'ignore_ament_install'
[1.696s] Level 1:colcon.colcon_core.package_identification:_identify(src/px4_ros_com) by extensions ['colcon_pkg']
[1.696s] Level 1:colcon.colcon_core.package_identification:_identify(src/px4_ros_com) by extension 'colcon_pkg'
[1.696s] Level 1:colcon.colcon_core.package_identification:_identify(src/px4_ros_com) by extensions ['colcon_meta']
[1.697s] Level 1:colcon.colcon_core.package_identification:_identify(src/px4_ros_com) by extension 'colcon_meta'
[1.697s] Level 1:colcon.colcon_core.package_identification:_identify(src/px4_ros_com) by extensions ['ros']
[1.697s] Level 1:colcon.colcon_core.package_identification:_identify(src/px4_ros_com) by extension 'ros'
[1.708s] DEBUG:colcon.colcon_core.package_identification:Package 'src/px4_ros_com' with type 'ros.ament_cmake' and name 'px4_ros_com'
[1.708s] Level 1:colcon.colcon_core.package_discovery:discover_packages(recursive) using defaults
[1.709s] Level 1:colcon.colcon_core.package_discovery:discover_packages(ignore) discover
[1.709s] Level 1:colcon.colcon_core.package_discovery:discover_packages(ignore) using defaults
[1.709s] Level 1:colcon.colcon_core.package_discovery:discover_packages(path) discover
[1.709s] Level 1:colcon.colcon_core.package_discovery:discover_packages(path) using defaults
[1.834s] Level 1:colcon.colcon_core.package_discovery:discover_packages(prefix_path) check parameters
[1.834s] Level 1:colcon.colcon_core.package_discovery:discover_packages(prefix_path) discover
[1.843s] DEBUG:colcon.colcon_installed_package_information.package_discovery:Found 2 installed packages in /home/ubuntu/ws_sensor_combined/install
[1.854s] DEBUG:colcon.colcon_installed_package_information.package_discovery:Found 270 installed packages in /opt/ros/humble
[1.861s] Level 1:colcon.colcon_core.package_discovery:discover_packages(prefix_path) using defaults
[2.055s] Level 5:colcon.colcon_core.verb:set package 'px4_msgs' build argument 'cmake_args' from command line to 'None'
[2.055s] Level 5:colcon.colcon_core.verb:set package 'px4_msgs' build argument 'cmake_target' from command line to 'None'
[2.056s] Level 5:colcon.colcon_core.verb:set package 'px4_msgs' build argument 'cmake_target_skip_unavailable' from command line to 'False'
[2.056s] Level 5:colcon.colcon_core.verb:set package 'px4_msgs' build argument 'cmake_clean_cache' from command line to 'False'
[2.056s] Level 5:colcon.colcon_core.verb:set package 'px4_msgs' build argument 'cmake_clean_first' from command line to 'False'
[2.056s] Level 5:colcon.colcon_core.verb:set package 'px4_msgs' build argument 'cmake_force_configure' from command line to 'False'
[2.056s] Level 5:colcon.colcon_core.verb:set package 'px4_msgs' build argument 'ament_cmake_args' from command line to 'None'
[2.056s] Level 5:colcon.colcon_core.verb:set package 'px4_msgs' build argument 'catkin_cmake_args' from command line to 'None'
[2.056s] Level 5:colcon.colcon_core.verb:set package 'px4_msgs' build argument 'catkin_skip_building_tests' from command line to 'False'
[2.057s] DEBUG:colcon.colcon_core.verb:Building package 'px4_msgs' with the following arguments: {'ament_cmake_args': None, 'build_base': '/home/ubuntu/ws_sensor_combined/build/px4_msgs', 'catkin_cmake_args': None, 'catkin_skip_building_tests': False, 'cmake_args': None, 'cmake_clean_cache': False, 'cmake_clean_first': False, 'cmake_force_configure': False, 'cmake_target': None, 'cmake_target_skip_unavailable': False, 'install_base': '/home/ubuntu/ws_sensor_combined/install/px4_msgs', 'merge_install': False, 'path': '/home/ubuntu/ws_sensor_combined/src/px4_msgs', 'symlink_install': False, 'test_result_base': None}
[2.058s] Level 5:colcon.colcon_core.verb:set package 'px4_ros_com' build argument 'cmake_args' from command line to 'None'
[2.058s] Level 5:colcon.colcon_core.verb:set package 'px4_ros_com' build argument 'cmake_target' from command line to 'None'
[2.059s] Level 5:colcon.colcon_core.verb:set package 'px4_ros_com' build argument 'cmake_target_skip_unavailable' from command line to 'False'
[2.059s] Level 5:colcon.colcon_core.verb:set package 'px4_ros_com' build argument 'cmake_clean_cache' from command line to 'False'
[2.059s] Level 5:colcon.colcon_core.verb:set package 'px4_ros_com' build argument 'cmake_clean_first' from command line to 'False'
[2.059s] Level 5:colcon.colcon_core.verb:set package 'px4_ros_com' build argument 'cmake_force_configure' from command line to 'False'
[2.059s] Level 5:colcon.colcon_core.verb:set package 'px4_ros_com' build argument 'ament_cmake_args' from command line to 'None'
[2.059s] Level 5:colcon.colcon_core.verb:set package 'px4_ros_com' build argument 'catkin_cmake_args' from command line to 'None'
[2.059s] Level 5:colcon.colcon_core.verb:set package 'px4_ros_com' build argument 'catkin_skip_building_tests' from command line to 'False'
[2.059s] DEBUG:colcon.colcon_core.verb:Building package 'px4_ros_com' with the following arguments: {'ament_cmake_args': None, 'build_base': '/home/ubuntu/ws_sensor_combined/build/px4_ros_com', 'catkin_cmake_args': None, 'catkin_skip_building_tests': False, 'cmake_args': None, 'cmake_clean_cache': False, 'cmake_clean_first': False, 'cmake_force_configure': False, 'cmake_target': None, 'cmake_target_skip_unavailable': False, 'install_base': '/home/ubuntu/ws_sensor_combined/install/px4_ros_com', 'merge_install': False, 'path': '/home/ubuntu/ws_sensor_combined/src/px4_ros_com', 'symlink_install': False, 'test_result_base': None}
[2.060s] INFO:colcon.colcon_core.executor:Executing jobs using 'parallel' executor
[2.064s] DEBUG:colcon.colcon_parallel_executor.executor.parallel:run_until_complete
[2.064s] INFO:colcon.colcon_ros.task.ament_cmake.build:Building ROS package in '/home/ubuntu/ws_sensor_combined/src/px4_msgs' with build type 'ament_cmake'
[2.065s] INFO:colcon.colcon_cmake.task.cmake.build:Building CMake package in '/home/ubuntu/ws_sensor_combined/src/px4_msgs'
[2.075s] INFO:colcon.colcon_core.plugin_system:Skipping extension 'colcon_core.shell.bat': Not used on non-Windows systems
[2.076s] INFO:colcon.colcon_core.shell:Skip shell extension 'powershell' for command environment: Not usable outside of PowerShell
[2.076s] DEBUG:colcon.colcon_core.shell:Skip shell extension 'dsv' for command environment
[2.122s] DEBUG:colcon.colcon_core.event_handler.log_command:Invoking command in '/home/ubuntu/ws_sensor_combined/build/px4_msgs': CMAKE_PREFIX_PATH=${CMAKE_PREFIX_PATH}:/opt/ros/humble /usr/local/bin/cmake --build /home/ubuntu/ws_sensor_combined/build/px4_msgs -- -j4 -l4
[8.082s] DEBUG:colcon.colcon_core.event_handler.log_command:Invoked command in '/home/ubuntu/ws_sensor_combined/build/px4_msgs' returned '0': CMAKE_PREFIX_PATH=${CMAKE_PREFIX_PATH}:/opt/ros/humble /usr/local/bin/cmake --build /home/ubuntu/ws_sensor_combined/build/px4_msgs -- -j4 -l4
[47.296s] DEBUG:colcon.colcon_core.event_handler.log_command:Invoking command in '/home/ubuntu/ws_sensor_combined/build/px4_msgs': CMAKE_PREFIX_PATH=${CMAKE_PREFIX_PATH}:/opt/ros/humble /usr/local/bin/cmake --install /home/ubuntu/ws_sensor_combined/build/px4_msgs
[50.412s] Level 1:colcon.colcon_core.environment:create_environment_scripts_only(px4_msgs)
[50.414s] DEBUG:colcon.colcon_core.event_handler.log_command:Invoked command in '/home/ubuntu/ws_sensor_combined/build/px4_msgs' returned '0': CMAKE_PREFIX_PATH=${CMAKE_PREFIX_PATH}:/opt/ros/humble /usr/local/bin/cmake --install /home/ubuntu/ws_sensor_combined/build/px4_msgs
[50.427s] Level 1:colcon.colcon_core.environment:checking '/home/ubuntu/ws_sensor_combined/install/px4_msgs' for CMake module files
[50.433s] Level 1:colcon.colcon_core.environment:checking '/home/ubuntu/ws_sensor_combined/install/px4_msgs' for CMake config files
[50.494s] Level 1:colcon.colcon_core.shell:create_environment_hook('px4_msgs', 'cmake_prefix_path')
[50.495s] INFO:colcon.colcon_core.shell:Creating environment hook '/home/ubuntu/ws_sensor_combined/install/px4_msgs/share/px4_msgs/hook/cmake_prefix_path.ps1'
[50.498s] INFO:colcon.colcon_core.shell:Creating environment descriptor '/home/ubuntu/ws_sensor_combined/install/px4_msgs/share/px4_msgs/hook/cmake_prefix_path.dsv'
[50.500s] INFO:colcon.colcon_core.shell:Creating environment hook '/home/ubuntu/ws_sensor_combined/install/px4_msgs/share/px4_msgs/hook/cmake_prefix_path.sh'
[50.505s] Level 1:colcon.colcon_core.environment:checking '/home/ubuntu/ws_sensor_combined/install/px4_msgs/lib'
[50.506s] Level 1:colcon.colcon_core.shell:create_environment_hook('px4_msgs', 'ld_library_path_lib')
[50.507s] INFO:colcon.colcon_core.shell:Creating environment hook '/home/ubuntu/ws_sensor_combined/install/px4_msgs/share/px4_msgs/hook/ld_library_path_lib.ps1'
[50.509s] INFO:colcon.colcon_core.shell:Creating environment descriptor '/home/ubuntu/ws_sensor_combined/install/px4_msgs/share/px4_msgs/hook/ld_library_path_lib.dsv'
[50.511s] INFO:colcon.colcon_core.shell:Creating environment hook '/home/ubuntu/ws_sensor_combined/install/px4_msgs/share/px4_msgs/hook/ld_library_path_lib.sh'
[50.513s] Level 1:colcon.colcon_core.environment:checking '/home/ubuntu/ws_sensor_combined/install/px4_msgs/bin'
[50.514s] Level 1:colcon.colcon_core.environment:checking '/home/ubuntu/ws_sensor_combined/install/px4_msgs/lib/pkgconfig/px4_msgs.pc'
[50.515s] Level 1:colcon.colcon_core.environment:checking '/home/ubuntu/ws_sensor_combined/install/px4_msgs/lib/python3.10/site-packages'
[50.515s] Level 1:colcon.colcon_core.environment:checking '/home/ubuntu/ws_sensor_combined/install/px4_msgs/bin'
[50.517s] INFO:colcon.colcon_core.shell:Creating package script '/home/ubuntu/ws_sensor_combined/install/px4_msgs/share/px4_msgs/package.ps1'
[50.521s] INFO:colcon.colcon_core.shell:Creating package descriptor '/home/ubuntu/ws_sensor_combined/install/px4_msgs/share/px4_msgs/package.dsv'
[50.524s] INFO:colcon.colcon_core.shell:Creating package script '/home/ubuntu/ws_sensor_combined/install/px4_msgs/share/px4_msgs/package.sh'
[50.528s] INFO:colcon.colcon_core.shell:Creating package script '/home/ubuntu/ws_sensor_combined/install/px4_msgs/share/px4_msgs/package.bash'
[50.531s] INFO:colcon.colcon_core.shell:Creating package script '/home/ubuntu/ws_sensor_combined/install/px4_msgs/share/px4_msgs/package.zsh'
[50.535s] Level 1:colcon.colcon_core.environment:create_file_with_runtime_dependencies(/home/ubuntu/ws_sensor_combined/install/px4_msgs/share/colcon-core/packages/px4_msgs)
[89.550s] Level 1:colcon.colcon_core.environment:create_environment_scripts_only(px4_msgs)
[89.552s] Level 1:colcon.colcon_core.environment:checking '/home/ubuntu/ws_sensor_combined/install/px4_msgs' for CMake module files
[89.556s] Level 1:colcon.colcon_core.environment:checking '/home/ubuntu/ws_sensor_combined/install/px4_msgs' for CMake config files
[89.616s] Level 1:colcon.colcon_core.shell:create_environment_hook('px4_msgs', 'cmake_prefix_path')
[89.618s] INFO:colcon.colcon_core.shell:Creating environment hook '/home/ubuntu/ws_sensor_combined/install/px4_msgs/share/px4_msgs/hook/cmake_prefix_path.ps1'
[89.620s] INFO:colcon.colcon_core.shell:Creating environment descriptor '/home/ubuntu/ws_sensor_combined/install/px4_msgs/share/px4_msgs/hook/cmake_prefix_path.dsv'
[89.622s] INFO:colcon.colcon_core.shell:Creating environment hook '/home/ubuntu/ws_sensor_combined/install/px4_msgs/share/px4_msgs/hook/cmake_prefix_path.sh'
[89.625s] Level 1:colcon.colcon_core.environment:checking '/home/ubuntu/ws_sensor_combined/install/px4_msgs/lib'
[89.625s] Level 1:colcon.colcon_core.shell:create_environment_hook('px4_msgs', 'ld_library_path_lib')
[89.626s] INFO:colcon.colcon_core.shell:Creating environment hook '/home/ubuntu/ws_sensor_combined/install/px4_msgs/share/px4_msgs/hook/ld_library_path_lib.ps1'
[89.629s] INFO:colcon.colcon_core.shell:Creating environment descriptor '/home/ubuntu/ws_sensor_combined/install/px4_msgs/share/px4_msgs/hook/ld_library_path_lib.dsv'
[89.631s] INFO:colcon.colcon_core.shell:Creating environment hook '/home/ubuntu/ws_sensor_combined/install/px4_msgs/share/px4_msgs/hook/ld_library_path_lib.sh'
[89.633s] Level 1:colcon.colcon_core.environment:checking '/home/ubuntu/ws_sensor_combined/install/px4_msgs/bin'
[89.633s] Level 1:colcon.colcon_core.environment:checking '/home/ubuntu/ws_sensor_combined/install/px4_msgs/lib/pkgconfig/px4_msgs.pc'
[89.634s] Level 1:colcon.colcon_core.environment:checking '/home/ubuntu/ws_sensor_combined/install/px4_msgs/lib/python3.10/site-packages'
[89.635s] Level 1:colcon.colcon_core.environment:checking '/home/ubuntu/ws_sensor_combined/install/px4_msgs/bin'
[89.636s] INFO:colcon.colcon_core.shell:Creating package script '/home/ubuntu/ws_sensor_combined/install/px4_msgs/share/px4_msgs/package.ps1'
[89.639s] INFO:colcon.colcon_core.shell:Creating package descriptor '/home/ubuntu/ws_sensor_combined/install/px4_msgs/share/px4_msgs/package.dsv'
[89.642s] INFO:colcon.colcon_core.shell:Creating package script '/home/ubuntu/ws_sensor_combined/install/px4_msgs/share/px4_msgs/package.sh'
[89.645s] INFO:colcon.colcon_core.shell:Creating package script '/home/ubuntu/ws_sensor_combined/install/px4_msgs/share/px4_msgs/package.bash'
[89.647s] INFO:colcon.colcon_core.shell:Creating package script '/home/ubuntu/ws_sensor_combined/install/px4_msgs/share/px4_msgs/package.zsh'
[89.650s] Level 1:colcon.colcon_core.environment:create_file_with_runtime_dependencies(/home/ubuntu/ws_sensor_combined/install/px4_msgs/share/colcon-core/packages/px4_msgs)
[89.651s] INFO:colcon.colcon_ros.task.ament_cmake.build:Building ROS package in '/home/ubuntu/ws_sensor_combined/src/px4_ros_com' with build type 'ament_cmake'
[89.652s] INFO:colcon.colcon_cmake.task.cmake.build:Building CMake package in '/home/ubuntu/ws_sensor_combined/src/px4_ros_com'
[89.653s] INFO:colcon.colcon_core.shell:Skip shell extension 'powershell' for command environment: Not usable outside of PowerShell
[89.653s] DEBUG:colcon.colcon_core.shell:Skip shell extension 'dsv' for command environment
[89.714s] DEBUG:colcon.colcon_core.event_handler.log_command:Invoking command in '/home/ubuntu/ws_sensor_combined/build/px4_ros_com': CMAKE_PREFIX_PATH=/home/ubuntu/ws_sensor_combined/install/px4_msgs:/home/ubuntu/ws_sensor_combined/install/px4_ros_com:/opt/ros/humble LD_LIBRARY_PATH=/home/ubuntu/ws_sensor_combined/install/px4_msgs/lib:/home/ubuntu/ws_sensor_combined/install/px4_ros_com/lib:/opt/ros/humble/opt/rviz_ogre_vendor/lib:/opt/ros/humble/lib/aarch64-linux-gnu:/opt/ros/humble/lib /usr/local/bin/cmake --build /home/ubuntu/ws_sensor_combined/build/px4_ros_com -- -j4 -l4
[91.519s] DEBUG:colcon.colcon_core.event_handler.log_command:Invoked command in '/home/ubuntu/ws_sensor_combined/build/px4_ros_com' returned '0': CMAKE_PREFIX_PATH=/home/ubuntu/ws_sensor_combined/install/px4_msgs:/home/ubuntu/ws_sensor_combined/install/px4_ros_com:/opt/ros/humble LD_LIBRARY_PATH=/home/ubuntu/ws_sensor_combined/install/px4_msgs/lib:/home/ubuntu/ws_sensor_combined/install/px4_ros_com/lib:/opt/ros/humble/opt/rviz_ogre_vendor/lib:/opt/ros/humble/lib/aarch64-linux-gnu:/opt/ros/humble/lib /usr/local/bin/cmake --build /home/ubuntu/ws_sensor_combined/build/px4_ros_com -- -j4 -l4
[91.811s] DEBUG:colcon.colcon_core.event_handler.log_command:Invoking command in '/home/ubuntu/ws_sensor_combined/build/px4_ros_com': CMAKE_PREFIX_PATH=/home/ubuntu/ws_sensor_combined/install/px4_msgs:/home/ubuntu/ws_sensor_combined/install/px4_ros_com:/opt/ros/humble LD_LIBRARY_PATH=/home/ubuntu/ws_sensor_combined/install/px4_msgs/lib:/home/ubuntu/ws_sensor_combined/install/px4_ros_com/lib:/opt/ros/humble/opt/rviz_ogre_vendor/lib:/opt/ros/humble/lib/aarch64-linux-gnu:/opt/ros/humble/lib /usr/local/bin/cmake --install /home/ubuntu/ws_sensor_combined/build/px4_ros_com
[92.050s] Level 1:colcon.colcon_core.environment:create_environment_scripts_only(px4_ros_com)
[92.051s] Level 1:colcon.colcon_core.environment:checking '/home/ubuntu/ws_sensor_combined/install/px4_ros_com' for CMake module files
[92.053s] DEBUG:colcon.colcon_core.event_handler.log_command:Invoked command in '/home/ubuntu/ws_sensor_combined/build/px4_ros_com' returned '0': CMAKE_PREFIX_PATH=/home/ubuntu/ws_sensor_combined/install/px4_msgs:/home/ubuntu/ws_sensor_combined/install/px4_ros_com:/opt/ros/humble LD_LIBRARY_PATH=/home/ubuntu/ws_sensor_combined/install/px4_msgs/lib:/home/ubuntu/ws_sensor_combined/install/px4_ros_com/lib:/opt/ros/humble/opt/rviz_ogre_vendor/lib:/opt/ros/humble/lib/aarch64-linux-gnu:/opt/ros/humble/lib /usr/local/bin/cmake --install /home/ubuntu/ws_sensor_combined/build/px4_ros_com
[92.056s] Level 1:colcon.colcon_core.environment:checking '/home/ubuntu/ws_sensor_combined/install/px4_ros_com' for CMake config files
[92.059s] Level 1:colcon.colcon_core.shell:create_environment_hook('px4_ros_com', 'cmake_prefix_path')
[92.061s] INFO:colcon.colcon_core.shell:Creating environment hook '/home/ubuntu/ws_sensor_combined/install/px4_ros_com/share/px4_ros_com/hook/cmake_prefix_path.ps1'
[92.063s] INFO:colcon.colcon_core.shell:Creating environment descriptor '/home/ubuntu/ws_sensor_combined/install/px4_ros_com/share/px4_ros_com/hook/cmake_prefix_path.dsv'
[92.065s] INFO:colcon.colcon_core.shell:Creating environment hook '/home/ubuntu/ws_sensor_combined/install/px4_ros_com/share/px4_ros_com/hook/cmake_prefix_path.sh'
[92.068s] Level 1:colcon.colcon_core.environment:checking '/home/ubuntu/ws_sensor_combined/install/px4_ros_com/lib'
[92.069s] Level 1:colcon.colcon_core.shell:create_environment_hook('px4_ros_com', 'ld_library_path_lib')
[92.070s] INFO:colcon.colcon_core.shell:Creating environment hook '/home/ubuntu/ws_sensor_combined/install/px4_ros_com/share/px4_ros_com/hook/ld_library_path_lib.ps1'
[92.072s] INFO:colcon.colcon_core.shell:Creating environment descriptor '/home/ubuntu/ws_sensor_combined/install/px4_ros_com/share/px4_ros_com/hook/ld_library_path_lib.dsv'
[92.074s] INFO:colcon.colcon_core.shell:Creating environment hook '/home/ubuntu/ws_sensor_combined/install/px4_ros_com/share/px4_ros_com/hook/ld_library_path_lib.sh'
[92.076s] Level 1:colcon.colcon_core.environment:checking '/home/ubuntu/ws_sensor_combined/install/px4_ros_com/bin'
[92.076s] Level 1:colcon.colcon_core.environment:checking '/home/ubuntu/ws_sensor_combined/install/px4_ros_com/lib/pkgconfig/px4_ros_com.pc'
[92.077s] Level 1:colcon.colcon_core.environment:checking '/home/ubuntu/ws_sensor_combined/install/px4_ros_com/lib/python3.10/site-packages'
[92.078s] Level 1:colcon.colcon_core.environment:checking '/home/ubuntu/ws_sensor_combined/install/px4_ros_com/bin'
[92.080s] INFO:colcon.colcon_core.shell:Creating package script '/home/ubuntu/ws_sensor_combined/install/px4_ros_com/share/px4_ros_com/package.ps1'
[92.083s] INFO:colcon.colcon_core.shell:Creating package descriptor '/home/ubuntu/ws_sensor_combined/install/px4_ros_com/share/px4_ros_com/package.dsv'
[92.085s] INFO:colcon.colcon_core.shell:Creating package script '/home/ubuntu/ws_sensor_combined/install/px4_ros_com/share/px4_ros_com/package.sh'
[92.087s] INFO:colcon.colcon_core.shell:Creating package script '/home/ubuntu/ws_sensor_combined/install/px4_ros_com/share/px4_ros_com/package.bash'
[92.089s] INFO:colcon.colcon_core.shell:Creating package script '/home/ubuntu/ws_sensor_combined/install/px4_ros_com/share/px4_ros_com/package.zsh'
[92.091s] Level 1:colcon.colcon_core.environment:create_file_with_runtime_dependencies(/home/ubuntu/ws_sensor_combined/install/px4_ros_com/share/colcon-core/packages/px4_ros_com)
[92.372s] Level 1:colcon.colcon_core.environment:create_environment_scripts_only(px4_ros_com)
[92.373s] Level 1:colcon.colcon_core.environment:checking '/home/ubuntu/ws_sensor_combined/install/px4_ros_com' for CMake module files
[92.378s] Level 1:colcon.colcon_core.environment:checking '/home/ubuntu/ws_sensor_combined/install/px4_ros_com' for CMake config files
[92.381s] Level 1:colcon.colcon_core.shell:create_environment_hook('px4_ros_com', 'cmake_prefix_path')
[92.382s] INFO:colcon.colcon_core.shell:Creating environment hook '/home/ubuntu/ws_sensor_combined/install/px4_ros_com/share/px4_ros_com/hook/cmake_prefix_path.ps1'
[92.384s] INFO:colcon.colcon_core.shell:Creating environment descriptor '/home/ubuntu/ws_sensor_combined/install/px4_ros_com/share/px4_ros_com/hook/cmake_prefix_path.dsv'
[92.386s] INFO:colcon.colcon_core.shell:Creating environment hook '/home/ubuntu/ws_sensor_combined/install/px4_ros_com/share/px4_ros_com/hook/cmake_prefix_path.sh'
[92.389s] Level 1:colcon.colcon_core.environment:checking '/home/ubuntu/ws_sensor_combined/install/px4_ros_com/lib'
[92.390s] Level 1:colcon.colcon_core.shell:create_environment_hook('px4_ros_com', 'ld_library_path_lib')
[92.391s] INFO:colcon.colcon_core.shell:Creating environment hook '/home/ubuntu/ws_sensor_combined/install/px4_ros_com/share/px4_ros_com/hook/ld_library_path_lib.ps1'
[92.393s] INFO:colcon.colcon_core.shell:Creating environment descriptor '/home/ubuntu/ws_sensor_combined/install/px4_ros_com/share/px4_ros_com/hook/ld_library_path_lib.dsv'
[92.395s] INFO:colcon.colcon_core.shell:Creating environment hook '/home/ubuntu/ws_sensor_combined/install/px4_ros_com/share/px4_ros_com/hook/ld_library_path_lib.sh'
[92.397s] Level 1:colcon.colcon_core.environment:checking '/home/ubuntu/ws_sensor_combined/install/px4_ros_com/bin'
[92.398s] Level 1:colcon.colcon_core.environment:checking '/home/ubuntu/ws_sensor_combined/install/px4_ros_com/lib/pkgconfig/px4_ros_com.pc'
[92.399s] Level 1:colcon.colcon_core.environment:checking '/home/ubuntu/ws_sensor_combined/install/px4_ros_com/lib/python3.10/site-packages'
[92.400s] Level 1:colcon.colcon_core.environment:checking '/home/ubuntu/ws_sensor_combined/install/px4_ros_com/bin'
[92.401s] INFO:colcon.colcon_core.shell:Creating package script '/home/ubuntu/ws_sensor_combined/install/px4_ros_com/share/px4_ros_com/package.ps1'
[92.404s] INFO:colcon.colcon_core.shell:Creating package descriptor '/home/ubuntu/ws_sensor_combined/install/px4_ros_com/share/px4_ros_com/package.dsv'
[92.407s] INFO:colcon.colcon_core.shell:Creating package script '/home/ubuntu/ws_sensor_combined/install/px4_ros_com/share/px4_ros_com/package.sh'
[92.409s] INFO:colcon.colcon_core.shell:Creating package script '/home/ubuntu/ws_sensor_combined/install/px4_ros_com/share/px4_ros_com/package.bash'
[92.412s] INFO:colcon.colcon_core.shell:Creating package script '/home/ubuntu/ws_sensor_combined/install/px4_ros_com/share/px4_ros_com/package.zsh'
[92.414s] Level 1:colcon.colcon_core.environment:create_file_with_runtime_dependencies(/home/ubuntu/ws_sensor_combined/install/px4_ros_com/share/colcon-core/packages/px4_ros_com)
[92.415s] DEBUG:colcon.colcon_parallel_executor.executor.parallel:closing loop
[92.416s] DEBUG:colcon.colcon_parallel_executor.executor.parallel:loop closed
[92.417s] DEBUG:colcon.colcon_parallel_executor.executor.parallel:run_until_complete finished with '0'
[92.417s] DEBUG:colcon.colcon_core.event_reactor:joining thread
[92.448s] INFO:colcon.colcon_core.plugin_system:Skipping extension 'colcon_notification.desktop_notification.notify_send': Could not find 'notify-send'
[92.448s] INFO:colcon.colcon_core.plugin_system:Skipping extension 'colcon_notification.desktop_notification.terminal_notifier': Not used on non-Darwin systems
[92.448s] INFO:colcon.colcon_core.plugin_system:Skipping extension 'colcon_notification.desktop_notification.win32': Not used on non-Windows systems
[92.449s] INFO:colcon.colcon_notification.desktop_notification:Sending desktop notification using 'notify2'
[92.453s] DEBUG:colcon.colcon_notification.desktop_notification.notify2:Failed to initialize notify2: org.freedesktop.DBus.Error.ServiceUnknown: The name org.freedesktop.Notifications was not provided by any .service files
[92.454s] DEBUG:colcon.colcon_core.event_reactor:joined thread
[92.455s] INFO:colcon.colcon_core.shell:Creating prefix script '/home/ubuntu/ws_sensor_combined/install/local_setup.ps1'
[92.459s] INFO:colcon.colcon_core.shell:Creating prefix util module '/home/ubuntu/ws_sensor_combined/install/_local_setup_util_ps1.py'
[92.468s] INFO:colcon.colcon_core.shell:Creating prefix chain script '/home/ubuntu/ws_sensor_combined/install/setup.ps1'
[92.474s] INFO:colcon.colcon_core.shell:Creating prefix script '/home/ubuntu/ws_sensor_combined/install/local_setup.sh'
[92.477s] INFO:colcon.colcon_core.shell:Creating prefix util module '/home/ubuntu/ws_sensor_combined/install/_local_setup_util_sh.py'
[92.480s] INFO:colcon.colcon_core.shell:Creating prefix chain script '/home/ubuntu/ws_sensor_combined/install/setup.sh'
[92.486s] INFO:colcon.colcon_core.shell:Creating prefix script '/home/ubuntu/ws_sensor_combined/install/local_setup.bash'
[92.488s] INFO:colcon.colcon_core.shell:Creating prefix chain script '/home/ubuntu/ws_sensor_combined/install/setup.bash'
[92.494s] INFO:colcon.colcon_core.shell:Creating prefix script '/home/ubuntu/ws_sensor_combined/install/local_setup.zsh'
[92.496s] INFO:colcon.colcon_core.shell:Creating prefix chain script '/home/ubuntu/ws_sensor_combined/install/setup.zsh'
